<?xml version="1.0" encoding="UTF-8"?>
<coverage generated="1771503083622" clover="3.2.0">
  <project timestamp="1771503083622" name="All files">
    <metrics statements="707" coveredstatements="388" conditionals="668" coveredconditionals="301" methods="206" coveredmethods="123" elements="1581" coveredelements="812" complexity="0" loc="707" ncloc="707" packages="12" files="28" classes="28"/>
    <package name="core.src">
      <metrics statements="0" coveredstatements="0" conditionals="0" coveredconditionals="0" methods="0" coveredmethods="0"/>
      <file name="index.ts" path="/root/osmosis/packages/core/src/index.ts">
        <metrics statements="0" coveredstatements="0" conditionals="0" coveredconditionals="0" methods="0" coveredmethods="0"/>
      </file>
    </package>
    <package name="core.src.api">
      <metrics statements="45" coveredstatements="41" conditionals="62" coveredconditionals="49" methods="13" coveredmethods="12"/>
      <file name="index.ts" path="/root/osmosis/packages/core/src/api/index.ts">
        <metrics statements="45" coveredstatements="41" conditionals="62" coveredconditionals="49" methods="13" coveredmethods="12"/>
        <line num="6" count="12" type="stmt"/>
        <line num="7" count="12" type="stmt"/>
        <line num="11" count="3" type="stmt"/>
        <line num="12" count="3" type="stmt"/>
        <line num="13" count="3" type="stmt"/>
        <line num="14" count="3" type="stmt"/>
        <line num="15" count="3" type="stmt"/>
        <line num="29" count="8" type="stmt"/>
        <line num="30" count="12" type="cond" truecount="2" falsecount="2"/>
        <line num="31" count="12" type="stmt"/>
        <line num="32" count="12" type="cond" truecount="2" falsecount="2"/>
        <line num="34" count="12" type="stmt"/>
        <line num="36" count="12" type="cond" truecount="6" falsecount="0"/>
        <line num="37" count="7" type="stmt"/>
        <line num="39" count="3" type="cond" truecount="2" falsecount="0"/>
        <line num="40" count="1" type="stmt"/>
        <line num="41" count="3" type="cond" truecount="3" falsecount="1"/>
        <line num="42" count="0" type="stmt"/>
        <line num="44" count="2" type="stmt"/>
        <line num="46" count="2" type="stmt"/>
        <line num="50" count="9" type="cond" truecount="6" falsecount="0"/>
        <line num="51" count="5" type="cond" truecount="3" falsecount="1"/>
        <line num="52" count="2" type="stmt"/>
        <line num="56" count="9" type="stmt"/>
        <line num="57" count="7" type="cond" truecount="6" falsecount="0"/>
        <line num="58" count="5" type="stmt"/>
        <line num="59" count="4" type="cond" truecount="2" falsecount="0"/>
        <line num="60" count="2" type="stmt"/>
        <line num="64" count="3" type="cond" truecount="5" falsecount="1"/>
        <line num="65" count="3" type="stmt"/>
        <line num="66" count="3" type="stmt"/>
        <line num="67" count="3" type="stmt"/>
        <line num="70" count="3" type="cond" truecount="1" falsecount="1"/>
        <line num="71" count="0" type="stmt"/>
        <line num="72" count="3" type="cond" truecount="4" falsecount="0"/>
        <line num="73" count="1" type="stmt"/>
        <line num="75" count="2" type="stmt"/>
        <line num="78" count="3" type="cond" truecount="1" falsecount="1"/>
        <line num="79" count="0" type="stmt"/>
        <line num="82" count="3" type="stmt"/>
        <line num="85" count="0" type="stmt"/>
        <line num="87" count="6" type="cond" truecount="2" falsecount="2"/>
        <line num="88" count="1" type="cond" truecount="2" falsecount="2"/>
        <line num="92" count="8" type="stmt"/>
        <line num="93" count="8" type="stmt"/>
      </file>
    </package>
    <package name="core.src.capture">
      <metrics statements="8" coveredstatements="8" conditionals="46" coveredconditionals="46" methods="4" coveredmethods="3"/>
      <file name="index.ts" path="/root/osmosis/packages/core/src/capture/index.ts">
        <metrics statements="8" coveredstatements="8" conditionals="46" coveredconditionals="46" methods="4" coveredmethods="3"/>
        <line num="16" count="8" type="stmt"/>
        <line num="17" count="8" type="cond" truecount="4" falsecount="0"/>
        <line num="19" count="8" type="stmt"/>
        <line num="38" count="8" type="stmt"/>
        <line num="52" count="5" type="stmt"/>
        <line num="53" count="5" type="cond" truecount="4" falsecount="0"/>
        <line num="59" count="5" type="stmt"/>
        <line num="70" count="5" type="stmt"/>
      </file>
    </package>
    <package name="core.src.distill">
      <metrics statements="57" coveredstatements="14" conditionals="47" coveredconditionals="6" methods="23" coveredmethods="9"/>
      <file name="index.ts" path="/root/osmosis/packages/core/src/distill/index.ts">
        <metrics statements="12" coveredstatements="12" conditionals="8" coveredconditionals="6" methods="16" coveredmethods="9"/>
        <line num="23" count="3" type="stmt"/>
        <line num="28" count="4" type="stmt"/>
        <line num="33" count="4" type="cond" truecount="2" falsecount="2"/>
        <line num="34" count="4" type="cond" truecount="4" falsecount="0"/>
        <line num="39" count="9" type="stmt"/>
        <line num="40" count="9" type="stmt"/>
        <line num="45" count="5" type="stmt"/>
        <line num="50" count="3" type="stmt"/>
        <line num="55" count="2" type="stmt"/>
        <line num="56" count="4" type="stmt"/>
        <line num="57" count="4" type="stmt"/>
        <line num="62" count="1" type="stmt"/>
      </file>
      <file name="llm.ts" path="/root/osmosis/packages/core/src/distill/llm.ts">
        <metrics statements="45" coveredstatements="2" conditionals="39" coveredconditionals="0" methods="7" coveredmethods="0"/>
        <line num="25" count="6" type="stmt"/>
        <line num="33" count="6" type="stmt"/>
        <line num="71" count="0" type="stmt"/>
        <line num="72" count="0" type="stmt"/>
        <line num="73" count="0" type="stmt"/>
        <line num="74" count="0" type="cond" truecount="0" falsecount="2"/>
        <line num="75" count="0" type="stmt"/>
        <line num="76" count="0" type="stmt"/>
        <line num="78" count="0" type="stmt"/>
        <line num="85" count="0" type="stmt"/>
        <line num="86" count="0" type="stmt"/>
        <line num="87" count="0" type="cond" truecount="0" falsecount="2"/>
        <line num="90" count="0" type="cond" truecount="0" falsecount="2"/>
        <line num="91" count="0" type="stmt"/>
        <line num="102" count="0" type="cond" truecount="0" falsecount="2"/>
        <line num="103" count="0" type="cond" truecount="0" falsecount="2"/>
        <line num="105" count="0" type="stmt"/>
        <line num="107" count="0" type="stmt"/>
        <line num="108" count="0" type="stmt"/>
        <line num="125" count="0" type="cond" truecount="0" falsecount="2"/>
        <line num="126" count="0" type="stmt"/>
        <line num="127" count="0" type="stmt"/>
        <line num="130" count="0" type="stmt"/>
        <line num="131" count="0" type="stmt"/>
        <line num="132" count="0" type="cond" truecount="0" falsecount="2"/>
        <line num="136" count="0" type="stmt"/>
        <line num="137" count="0" type="stmt"/>
        <line num="140" count="0" type="stmt"/>
        <line num="141" count="0" type="cond" truecount="0" falsecount="2"/>
        <line num="142" count="0" type="stmt"/>
        <line num="145" count="0" type="stmt"/>
        <line num="146" count="0" type="cond" truecount="0" falsecount="2"/>
        <line num="147" count="0" type="stmt"/>
        <line num="149" count="0" type="stmt"/>
        <line num="150" count="0" type="stmt"/>
        <line num="154" count="0" type="cond" truecount="0" falsecount="5"/>
        <line num="156" count="0" type="stmt"/>
        <line num="157" count="0" type="cond" truecount="0" falsecount="3"/>
        <line num="160" count="0" type="stmt"/>
        <line num="161" count="0" type="stmt"/>
        <line num="172" count="0" type="stmt"/>
        <line num="173" count="0" type="stmt"/>
        <line num="183" count="0" type="cond" truecount="0" falsecount="4"/>
        <line num="184" count="0" type="stmt"/>
        <line num="194" count="0" type="stmt"/>
      </file>
    </package>
    <package name="core.src.fitness">
      <metrics statements="17" coveredstatements="17" conditionals="34" coveredconditionals="21" methods="4" coveredmethods="2"/>
      <file name="index.ts" path="/root/osmosis/packages/core/src/fitness/index.ts">
        <metrics statements="17" coveredstatements="17" conditionals="34" coveredconditionals="21" methods="4" coveredmethods="2"/>
        <line num="19" count="6" type="cond" truecount="2" falsecount="2"/>
        <line num="20" count="6" type="stmt"/>
        <line num="21" count="6" type="cond" truecount="4" falsecount="0"/>
        <line num="22" count="6" type="cond" truecount="2" falsecount="0"/>
        <line num="25" count="6" type="stmt"/>
        <line num="26" count="6" type="stmt"/>
        <line num="28" count="6" type="stmt"/>
        <line num="35" count="1" type="stmt"/>
        <line num="37" count="1" type="stmt"/>
        <line num="38" count="1" type="stmt"/>
        <line num="39" count="1" type="cond" truecount="2" falsecount="2"/>
        <line num="40" count="1" type="cond" truecount="1" falsecount="1"/>
        <line num="43" count="1" type="stmt"/>
        <line num="44" count="1" type="stmt"/>
        <line num="45" count="1" type="stmt"/>
        <line num="46" count="1" type="stmt"/>
        <line num="54" count="1" type="stmt"/>
      </file>
    </package>
    <package name="core.src.retrieval">
      <metrics statements="15" coveredstatements="13" conditionals="8" coveredconditionals="7" methods="5" coveredmethods="5"/>
      <file name="index.ts" path="/root/osmosis/packages/core/src/retrieval/index.ts">
        <metrics statements="15" coveredstatements="13" conditionals="8" coveredconditionals="7" methods="5" coveredmethods="5"/>
        <line num="9" count="11" type="stmt"/>
        <line num="12" count="11" type="stmt"/>
        <line num="13" count="11" type="stmt"/>
        <line num="19" count="11" type="stmt"/>
        <line num="22" count="0" type="stmt"/>
        <line num="25" count="11" type="stmt"/>
        <line num="27" count="11" type="stmt"/>
        <line num="28" count="11" type="cond" truecount="1" falsecount="1"/>
        <line num="30" count="11" type="stmt"/>
        <line num="39" count="11" type="stmt"/>
        <line num="42" count="0" type="stmt"/>
        <line num="50" count="10" type="stmt"/>
        <line num="52" count="10" type="cond" truecount="2" falsecount="0"/>
        <line num="53" count="1" type="stmt"/>
        <line num="58" count="9" type="stmt"/>
      </file>
    </package>
    <package name="core.src.seeds">
      <metrics statements="15" coveredstatements="15" conditionals="0" coveredconditionals="0" methods="1" coveredmethods="1"/>
      <file name="index.ts" path="/root/osmosis/packages/core/src/seeds/index.ts">
        <metrics statements="15" coveredstatements="15" conditionals="0" coveredconditionals="0" methods="1" coveredmethods="1"/>
        <line num="8" count="2" type="stmt"/>
        <line num="18" count="2" type="stmt"/>
        <line num="28" count="2" type="stmt"/>
        <line num="38" count="2" type="stmt"/>
        <line num="48" count="2" type="stmt"/>
        <line num="58" count="2" type="stmt"/>
        <line num="68" count="2" type="stmt"/>
        <line num="76" count="2" type="stmt"/>
        <line num="84" count="2" type="stmt"/>
        <line num="94" count="2" type="stmt"/>
        <line num="102" count="2" type="stmt"/>
        <line num="112" count="2" type="stmt"/>
        <line num="122" count="2" type="stmt"/>
        <line num="132" count="2" type="stmt"/>
        <line num="140" count="2" type="stmt"/>
      </file>
    </package>
    <package name="core.src.store">
      <metrics statements="72" coveredstatements="70" conditionals="32" coveredconditionals="28" methods="43" coveredmethods="37"/>
      <file name="index.ts" path="/root/osmosis/packages/core/src/store/index.ts">
        <metrics statements="72" coveredstatements="70" conditionals="32" coveredconditionals="28" methods="43" coveredmethods="37"/>
        <line num="6" count="11" type="stmt"/>
        <line num="50" count="11" type="stmt"/>
        <line num="62" count="173" type="stmt"/>
        <line num="63" count="346" type="stmt"/>
        <line num="64" count="346" type="stmt"/>
        <line num="65" count="346" type="stmt"/>
        <line num="66" count="5087" type="stmt"/>
        <line num="69" count="5431" type="stmt"/>
        <line num="70" count="346" type="stmt"/>
        <line num="72" count="173" type="stmt"/>
        <line num="73" count="173" type="stmt"/>
        <line num="74" count="173" type="cond" truecount="6" falsecount="0"/>
        <line num="75" count="172" type="stmt"/>
        <line num="76" count="5222" type="cond" truecount="2" falsecount="0"/>
        <line num="77" count="172" type="stmt"/>
        <line num="78" count="172" type="cond" truecount="2" falsecount="2"/>
        <line num="85" count="105" type="stmt"/>
        <line num="86" count="105" type="stmt"/>
        <line num="87" count="105" type="stmt"/>
        <line num="92" count="105" type="stmt"/>
        <line num="94" count="105" type="stmt"/>
        <line num="95" count="525" type="stmt"/>
        <line num="101" count="49" type="stmt"/>
        <line num="102" count="146" type="stmt"/>
        <line num="107" count="46" type="stmt"/>
        <line num="109" count="46" type="stmt"/>
        <line num="110" count="46" type="cond" truecount="2" falsecount="0"/>
        <line num="111" count="11" type="stmt"/>
        <line num="112" count="1" type="stmt"/>
        <line num="113" count="1" type="stmt"/>
        <line num="116" count="40" type="stmt"/>
        <line num="117" count="40" type="stmt"/>
        <line num="118" count="40" type="stmt"/>
        <line num="124" count="40" type="stmt"/>
        <line num="129" count="136" type="stmt"/>
        <line num="133" count="136" type="cond" truecount="1" falsecount="1"/>
        <line num="134" count="25" type="stmt"/>
        <line num="136" count="136" type="stmt"/>
        <line num="138" count="136" type="cond" truecount="2" falsecount="0"/>
        <line num="139" count="106" type="stmt"/>
        <line num="140" count="23" type="stmt"/>
        <line num="141" count="23" type="stmt"/>
        <line num="144" count="112" type="stmt"/>
        <line num="145" count="112" type="stmt"/>
        <line num="146" count="112" type="stmt"/>
        <line num="154" count="112" type="stmt"/>
        <line num="159" count="8" type="stmt"/>
        <line num="160" count="8" type="stmt"/>
        <line num="161" count="8" type="cond" truecount="1" falsecount="1"/>
        <line num="162" count="6" type="stmt"/>
        <line num="163" count="0" type="stmt"/>
        <line num="164" count="0" type="stmt"/>
        <line num="167" count="7" type="stmt"/>
        <line num="168" count="7" type="stmt"/>
        <line num="169" count="7" type="stmt"/>
        <line num="177" count="7" type="stmt"/>
        <line num="182" count="24" type="stmt"/>
        <line num="194" count="45" type="stmt"/>
        <line num="195" count="45" type="cond" truecount="4" falsecount="0"/>
        <line num="200" count="4" type="stmt"/>
        <line num="205" count="138" type="stmt"/>
        <line num="210" count="1" type="stmt"/>
        <line num="215" count="5" type="stmt"/>
        <line num="221" count="2" type="stmt"/>
        <line num="227" count="6" type="cond" truecount="4" falsecount="0"/>
        <line num="228" count="6" type="stmt"/>
        <line num="236" count="2" type="stmt"/>
        <line num="239" count="2" type="stmt"/>
        <line num="244" count="2" type="stmt"/>
        <line num="245" count="2" type="stmt"/>
        <line num="250" count="120" type="stmt"/>
        <line num="255" count="91" type="stmt"/>
      </file>
    </package>
    <package name="core.src.validation">
      <metrics statements="12" coveredstatements="12" conditionals="0" coveredconditionals="0" methods="6" coveredmethods="6"/>
      <file name="index.ts" path="/root/osmosis/packages/core/src/validation/index.ts">
        <metrics statements="12" coveredstatements="12" conditionals="0" coveredconditionals="0" methods="6" coveredmethods="6"/>
        <line num="4" count="12" type="stmt"/>
        <line num="5" count="12" type="stmt"/>
        <line num="6" count="12" type="stmt"/>
        <line num="7" count="12" type="stmt"/>
        <line num="9" count="12" type="stmt"/>
        <line num="12" count="12" type="stmt"/>
        <line num="24" count="12" type="stmt"/>
        <line num="35" count="12" type="stmt"/>
        <line num="44" count="12" type="stmt"/>
        <line num="54" count="46" type="stmt"/>
        <line num="58" count="136" type="stmt"/>
        <line num="62" count="8" type="stmt"/>
      </file>
    </package>
    <package name="mesh-server.src">
      <metrics statements="88" coveredstatements="67" conditionals="124" coveredconditionals="72" methods="27" coveredmethods="24"/>
      <file name="config.ts" path="/root/osmosis/packages/mesh-server/src/config.ts">
        <metrics statements="2" coveredstatements="2" conditionals="0" coveredconditionals="0" methods="2" coveredmethods="2"/>
        <line num="16" count="3" type="stmt"/>
        <line num="26" count="20" type="stmt"/>
      </file>
      <file name="index.ts" path="/root/osmosis/packages/mesh-server/src/index.ts">
        <metrics statements="6" coveredstatements="6" conditionals="0" coveredconditionals="0" methods="4" coveredmethods="4"/>
        <line num="17" count="20" type="stmt"/>
        <line num="18" count="20" type="stmt"/>
        <line num="19" count="20" type="stmt"/>
        <line num="21" count="20" type="stmt"/>
        <line num="25" count="20" type="stmt"/>
        <line num="26" count="20" type="stmt"/>
      </file>
      <file name="server.ts" path="/root/osmosis/packages/mesh-server/src/server.ts">
        <metrics statements="80" coveredstatements="59" conditionals="124" coveredconditionals="72" methods="21" coveredmethods="18"/>
        <line num="7" count="37" type="stmt"/>
        <line num="8" count="37" type="stmt"/>
        <line num="13" count="37" type="stmt"/>
        <line num="14" count="37" type="cond" truecount="1" falsecount="1"/>
        <line num="15" count="37" type="stmt"/>
        <line num="19" count="3" type="stmt"/>
        <line num="22" count="0" type="stmt"/>
        <line num="23" count="0" type="stmt"/>
        <line num="24" count="0" type="cond" truecount="0" falsecount="6"/>
        <line num="25" count="0" type="stmt"/>
        <line num="26" count="0" type="stmt"/>
        <line num="28" count="0" type="cond" truecount="0" falsecount="2"/>
        <line num="29" count="0" type="stmt"/>
        <line num="30" count="0" type="stmt"/>
        <line num="34" count="17" type="stmt"/>
        <line num="35" count="17" type="stmt"/>
        <line num="36" count="17" type="stmt"/>
        <line num="37" count="17" type="stmt"/>
        <line num="38" count="17" type="stmt"/>
        <line num="52" count="20" type="stmt"/>
        <line num="53" count="37" type="cond" truecount="2" falsecount="2"/>
        <line num="54" count="37" type="stmt"/>
        <line num="55" count="37" type="cond" truecount="2" falsecount="2"/>
        <line num="57" count="37" type="stmt"/>
        <line num="58" count="37" type="stmt"/>
        <line num="61" count="37" type="cond" truecount="5" falsecount="1"/>
        <line num="62" count="0" type="cond" truecount="0" falsecount="6"/>
        <line num="63" count="0" type="stmt"/>
        <line num="68" count="37" type="cond" truecount="5" falsecount="3"/>
        <line num="69" count="0" type="cond" truecount="0" falsecount="6"/>
        <line num="70" count="0" type="stmt"/>
        <line num="75" count="37" type="cond" truecount="5" falsecount="1"/>
        <line num="76" count="0" type="cond" truecount="0" falsecount="2"/>
        <line num="77" count="0" type="stmt"/>
        <line num="82" count="37" type="cond" truecount="6" falsecount="0"/>
        <line num="83" count="33" type="stmt"/>
        <line num="84" count="33" type="cond" truecount="4" falsecount="0"/>
        <line num="85" count="33" type="stmt"/>
        <line num="87" count="17" type="stmt"/>
        <line num="89" count="27" type="stmt"/>
        <line num="91" count="27" type="stmt"/>
        <line num="94" count="27" type="cond" truecount="1" falsecount="1"/>
        <line num="95" count="27" type="stmt"/>
        <line num="96" count="24" type="cond" truecount="1" falsecount="3"/>
        <line num="97" count="0" type="stmt"/>
        <line num="99" count="0" type="stmt"/>
        <line num="103" count="27" type="stmt"/>
        <line num="104" count="27" type="stmt"/>
        <line num="110" count="17" type="stmt"/>
        <line num="114" count="20" type="cond" truecount="6" falsecount="0"/>
        <line num="115" count="18" type="stmt"/>
        <line num="116" count="18" type="stmt"/>
        <line num="117" count="16" type="cond" truecount="2" falsecount="0"/>
        <line num="118" count="10" type="stmt"/>
        <line num="120" count="16" type="stmt"/>
        <line num="124" count="4" type="cond" truecount="6" falsecount="0"/>
        <line num="125" count="3" type="cond" truecount="3" falsecount="1"/>
        <line num="126" count="3" type="stmt"/>
        <line num="127" count="3" type="cond" truecount="4" falsecount="0"/>
        <line num="130" count="2" type="cond" truecount="1" falsecount="1"/>
        <line num="131" count="2" type="stmt"/>
        <line num="132" count="1" type="cond" truecount="1" falsecount="3"/>
        <line num="133" count="0" type="stmt"/>
        <line num="135" count="0" type="stmt"/>
        <line num="138" count="2" type="cond" truecount="4" falsecount="2"/>
        <line num="139" count="0" type="stmt"/>
        <line num="142" count="2" type="stmt"/>
        <line num="143" count="2" type="stmt"/>
        <line num="147" count="2" type="cond" truecount="5" falsecount="1"/>
        <line num="148" count="2" type="stmt"/>
        <line num="149" count="4" type="stmt"/>
        <line num="150" count="2" type="stmt"/>
        <line num="151" count="2" type="stmt"/>
        <line num="154" count="2" type="stmt"/>
        <line num="157" count="4" type="stmt"/>
        <line num="166" count="0" type="stmt"/>
        <line num="168" count="31" type="cond" truecount="0" falsecount="4"/>
        <line num="169" count="0" type="cond" truecount="0" falsecount="4"/>
        <line num="173" count="20" type="stmt"/>
        <line num="174" count="20" type="stmt"/>
      </file>
    </package>
    <package name="openclaw.src">
      <metrics statements="235" coveredstatements="29" conditionals="209" coveredconditionals="13" methods="40" coveredmethods="7"/>
      <file name="config.ts" path="/root/osmosis/packages/openclaw/src/config.ts">
        <metrics statements="2" coveredstatements="2" conditionals="0" coveredconditionals="0" methods="1" coveredmethods="1"/>
        <line num="23" count="2" type="stmt"/>
        <line num="35" count="2" type="stmt"/>
      </file>
      <file name="context-injector.ts" path="/root/osmosis/packages/openclaw/src/context-injector.ts">
        <metrics statements="57" coveredstatements="1" conditionals="32" coveredconditionals="1" methods="13" coveredmethods="0"/>
        <line num="25" count="1" type="stmt"/>
        <line num="36" count="0" type="cond" truecount="0" falsecount="2"/>
        <line num="38" count="0" type="stmt"/>
        <line num="47" count="0" type="stmt"/>
        <line num="48" count="0" type="stmt"/>
        <line num="49" count="0" type="cond" truecount="0" falsecount="2"/>
        <line num="51" count="0" type="stmt"/>
        <line num="52" count="0" type="stmt"/>
        <line num="53" count="0" type="stmt"/>
        <line num="54" count="0" type="cond" truecount="0" falsecount="2"/>
        <line num="55" count="0" type="cond" truecount="0" falsecount="2"/>
        <line num="56" count="0" type="cond" truecount="0" falsecount="2"/>
        <line num="57" count="0" type="stmt"/>
        <line num="61" count="0" type="cond" truecount="0" falsecount="2"/>
        <line num="62" count="0" type="stmt"/>
        <line num="63" count="0" type="stmt"/>
        <line num="64" count="0" type="stmt"/>
        <line num="65" count="0" type="cond" truecount="0" falsecount="2"/>
        <line num="66" count="0" type="stmt"/>
        <line num="71" count="0" type="cond" truecount="0" falsecount="2"/>
        <line num="72" count="0" type="stmt"/>
        <line num="73" count="0" type="stmt"/>
        <line num="74" count="0" type="stmt"/>
        <line num="78" count="0" type="stmt"/>
        <line num="80" count="0" type="stmt"/>
        <line num="86" count="0" type="stmt"/>
        <line num="89" count="0" type="stmt"/>
        <line num="90" count="0" type="stmt"/>
        <line num="96" count="0" type="stmt"/>
        <line num="99" count="0" type="stmt"/>
        <line num="100" count="0" type="stmt"/>
        <line num="105" count="0" type="cond" truecount="0" falsecount="2"/>
        <line num="106" count="0" type="stmt"/>
        <line num="107" count="0" type="stmt"/>
        <line num="113" count="0" type="stmt"/>
        <line num="114" count="0" type="cond" truecount="0" falsecount="2"/>
        <line num="116" count="0" type="stmt"/>
        <line num="117" count="0" type="stmt"/>
        <line num="119" count="0" type="stmt"/>
        <line num="120" count="0" type="stmt"/>
        <line num="121" count="0" type="cond" truecount="0" falsecount="2"/>
        <line num="122" count="0" type="stmt"/>
        <line num="125" count="0" type="cond" truecount="0" falsecount="2"/>
        <line num="126" count="0" type="cond" truecount="0" falsecount="2"/>
        <line num="127" count="0" type="stmt"/>
        <line num="137" count="0" type="stmt"/>
        <line num="140" count="0" type="stmt"/>
        <line num="141" count="0" type="stmt"/>
        <line num="143" count="0" type="cond" truecount="0" falsecount="2"/>
        <line num="144" count="0" type="stmt"/>
        <line num="145" count="0" type="stmt"/>
        <line num="146" count="0" type="stmt"/>
        <line num="148" count="0" type="stmt"/>
        <line num="149" count="0" type="cond" truecount="0" falsecount="2"/>
        <line num="150" count="0" type="stmt"/>
        <line num="158" count="0" type="stmt"/>
        <line num="159" count="0" type="stmt"/>
      </file>
      <file name="index.ts" path="/root/osmosis/packages/openclaw/src/index.ts">
        <metrics statements="0" coveredstatements="0" conditionals="0" coveredconditionals="0" methods="0" coveredmethods="0"/>
      </file>
      <file name="init.ts" path="/root/osmosis/packages/openclaw/src/init.ts">
        <metrics statements="10" coveredstatements="0" conditionals="2" coveredconditionals="0" methods="2" coveredmethods="0"/>
        <line num="17" count="0" type="stmt"/>
        <line num="18" count="0" type="cond" truecount="0" falsecount="2"/>
        <line num="20" count="0" type="stmt"/>
        <line num="22" count="0" type="stmt"/>
        <line num="29" count="0" type="stmt"/>
        <line num="30" count="0" type="stmt"/>
        <line num="32" count="0" type="stmt"/>
        <line num="37" count="0" type="stmt"/>
        <line num="38" count="0" type="stmt"/>
        <line num="39" count="0" type="stmt"/>
      </file>
      <file name="inject.ts" path="/root/osmosis/packages/openclaw/src/inject.ts">
        <metrics statements="15" coveredstatements="15" conditionals="11" coveredconditionals="10" methods="4" coveredmethods="4"/>
        <line num="13" count="7" type="stmt"/>
        <line num="16" count="7" type="stmt"/>
        <line num="17" count="7" type="cond" truecount="1" falsecount="1"/>
        <line num="18" count="7" type="stmt"/>
        <line num="19" count="7" type="stmt"/>
        <line num="20" count="7" type="stmt"/>
        <line num="21" count="14" type="cond" truecount="2" falsecount="0"/>
        <line num="25" count="7" type="cond" truecount="2" falsecount="0"/>
        <line num="27" count="15" type="stmt"/>
        <line num="28" count="6" type="stmt"/>
        <line num="32" count="15" type="stmt"/>
        <line num="33" count="15" type="cond" truecount="2" falsecount="0"/>
        <line num="34" count="15" type="stmt"/>
        <line num="35" count="15" type="cond" truecount="2" falsecount="0"/>
        <line num="36" count="15" type="stmt"/>
      </file>
      <file name="instrument.ts" path="/root/osmosis/packages/openclaw/src/instrument.ts">
        <metrics statements="10" coveredstatements="10" conditionals="2" coveredconditionals="1" methods="2" coveredmethods="2"/>
        <line num="16" count="4" type="stmt"/>
        <line num="17" count="5" type="stmt"/>
        <line num="19" count="5" type="stmt"/>
        <line num="21" count="5" type="stmt"/>
        <line num="22" count="5" type="stmt"/>
        <line num="23" count="3" type="stmt"/>
        <line num="25" count="2" type="cond" truecount="1" falsecount="1"/>
        <line num="26" count="2" type="stmt"/>
        <line num="28" count="5" type="stmt"/>
        <line num="29" count="5" type="stmt"/>
      </file>
      <file name="watcher.ts" path="/root/osmosis/packages/openclaw/src/watcher.ts">
        <metrics statements="141" coveredstatements="1" conditionals="162" coveredconditionals="1" methods="18" coveredmethods="0"/>
        <line num="30" count="1" type="stmt"/>
        <line num="54" count="0" type="stmt"/>
        <line num="56" count="0" type="stmt"/>
        <line num="57" count="0" type="stmt"/>
        <line num="61" count="0" type="cond" truecount="0" falsecount="2"/>
        <line num="62" count="0" type="cond" truecount="0" falsecount="2"/>
        <line num="65" count="0" type="cond" truecount="0" falsecount="4"/>
        <line num="66" count="0" type="stmt"/>
        <line num="67" count="0" type="cond" truecount="0" falsecount="4"/>
        <line num="68" count="0" type="stmt"/>
        <line num="78" count="0" type="cond" truecount="0" falsecount="4"/>
        <line num="79" count="0" type="cond" truecount="0" falsecount="2"/>
        <line num="80" count="0" type="cond" truecount="0" falsecount="3"/>
        <line num="81" count="0" type="stmt"/>
        <line num="83" count="0" type="cond" truecount="0" falsecount="7"/>
        <line num="92" count="0" type="stmt"/>
        <line num="104" count="0" type="stmt"/>
        <line num="111" count="0" type="stmt"/>
        <line num="117" count="0" type="stmt"/>
        <line num="118" count="0" type="stmt"/>
        <line num="119" count="0" type="stmt"/>
        <line num="120" count="0" type="stmt"/>
        <line num="123" count="0" type="stmt"/>
        <line num="124" count="0" type="stmt"/>
        <line num="130" count="0" type="stmt"/>
        <line num="133" count="0" type="stmt"/>
        <line num="135" count="0" type="stmt"/>
        <line num="140" count="0" type="cond" truecount="0" falsecount="2"/>
        <line num="141" count="0" type="stmt"/>
        <line num="142" count="0" type="stmt"/>
        <line num="144" count="0" type="stmt"/>
        <line num="149" count="0" type="stmt"/>
        <line num="158" count="0" type="stmt"/>
        <line num="160" count="0" type="stmt"/>
        <line num="161" count="0" type="cond" truecount="0" falsecount="2"/>
        <line num="162" count="0" type="stmt"/>
        <line num="163" count="0" type="stmt"/>
        <line num="164" count="0" type="stmt"/>
        <line num="165" count="0" type="stmt"/>
        <line num="166" count="0" type="stmt"/>
        <line num="174" count="0" type="stmt"/>
        <line num="175" count="0" type="cond" truecount="0" falsecount="2"/>
        <line num="176" count="0" type="stmt"/>
        <line num="177" count="0" type="stmt"/>
        <line num="178" count="0" type="stmt"/>
        <line num="179" count="0" type="stmt"/>
        <line num="189" count="0" type="stmt"/>
        <line num="190" count="0" type="stmt"/>
        <line num="192" count="0" type="cond" truecount="0" falsecount="2"/>
        <line num="193" count="0" type="stmt"/>
        <line num="194" count="0" type="stmt"/>
        <line num="195" count="0" type="stmt"/>
        <line num="196" count="0" type="cond" truecount="0" falsecount="2"/>
        <line num="197" count="0" type="stmt"/>
        <line num="206" count="0" type="stmt"/>
        <line num="208" count="0" type="stmt"/>
        <line num="213" count="0" type="stmt"/>
        <line num="214" count="0" type="stmt"/>
        <line num="215" count="0" type="stmt"/>
        <line num="216" count="0" type="cond" truecount="0" falsecount="2"/>
        <line num="219" count="0" type="cond" truecount="0" falsecount="2"/>
        <line num="222" count="0" type="cond" truecount="0" falsecount="2"/>
        <line num="225" count="0" type="stmt"/>
        <line num="226" count="0" type="stmt"/>
        <line num="227" count="0" type="stmt"/>
        <line num="229" count="0" type="stmt"/>
        <line num="230" count="0" type="stmt"/>
        <line num="232" count="0" type="stmt"/>
        <line num="233" count="0" type="stmt"/>
        <line num="236" count="0" type="stmt"/>
        <line num="244" count="0" type="stmt"/>
        <line num="246" count="0" type="stmt"/>
        <line num="248" count="0" type="cond" truecount="0" falsecount="5"/>
        <line num="252" count="0" type="stmt"/>
        <line num="253" count="0" type="cond" truecount="0" falsecount="2"/>
        <line num="254" count="0" type="cond" truecount="0" falsecount="4"/>
        <line num="255" count="0" type="stmt"/>
        <line num="256" count="0" type="cond" truecount="0" falsecount="4"/>
        <line num="257" count="0" type="stmt"/>
        <line num="265" count="0" type="stmt"/>
        <line num="269" count="0" type="stmt"/>
        <line num="270" count="0" type="stmt"/>
        <line num="272" count="0" type="cond" truecount="0" falsecount="2"/>
        <line num="274" count="0" type="cond" truecount="0" falsecount="2"/>
        <line num="275" count="0" type="cond" truecount="0" falsecount="2"/>
        <line num="278" count="0" type="stmt"/>
        <line num="281" count="0" type="stmt"/>
        <line num="283" count="0" type="stmt"/>
        <line num="293" count="0" type="stmt"/>
        <line num="294" count="0" type="stmt"/>
        <line num="299" count="0" type="stmt"/>
        <line num="300" count="0" type="stmt"/>
        <line num="301" count="0" type="cond" truecount="0" falsecount="4"/>
        <line num="302" count="0" type="stmt"/>
        <line num="309" count="0" type="cond" truecount="0" falsecount="2"/>
        <line num="311" count="0" type="stmt"/>
        <line num="314" count="0" type="cond" truecount="0" falsecount="2"/>
        <line num="315" count="0" type="cond" truecount="0" falsecount="2"/>
        <line num="316" count="0" type="cond" truecount="0" falsecount="4"/>
        <line num="317" count="0" type="cond" truecount="0" falsecount="4"/>
        <line num="318" count="0" type="cond" truecount="0" falsecount="4"/>
        <line num="319" count="0" type="cond" truecount="0" falsecount="6"/>
        <line num="321" count="0" type="stmt"/>
        <line num="325" count="0" type="cond" truecount="0" falsecount="2"/>
        <line num="326" count="0" type="cond" truecount="0" falsecount="2"/>
        <line num="327" count="0" type="cond" truecount="0" falsecount="2"/>
        <line num="329" count="0" type="cond" truecount="0" falsecount="2"/>
        <line num="330" count="0" type="cond" truecount="0" falsecount="2"/>
        <line num="331" count="0" type="cond" truecount="0" falsecount="2"/>
        <line num="333" count="0" type="cond" truecount="0" falsecount="2"/>
        <line num="334" count="0" type="cond" truecount="0" falsecount="2"/>
        <line num="335" count="0" type="cond" truecount="0" falsecount="2"/>
        <line num="337" count="0" type="cond" truecount="0" falsecount="2"/>
        <line num="338" count="0" type="cond" truecount="0" falsecount="2"/>
        <line num="339" count="0" type="cond" truecount="0" falsecount="2"/>
        <line num="341" count="0" type="cond" truecount="0" falsecount="4"/>
        <line num="342" count="0" type="cond" truecount="0" falsecount="3"/>
        <line num="343" count="0" type="stmt"/>
        <line num="344" count="0" type="cond" truecount="0" falsecount="2"/>
        <line num="347" count="0" type="stmt"/>
        <line num="352" count="0" type="stmt"/>
        <line num="354" count="0" type="cond" truecount="0" falsecount="2"/>
        <line num="355" count="0" type="cond" truecount="0" falsecount="2"/>
        <line num="357" count="0" type="cond" truecount="0" falsecount="2"/>
        <line num="358" count="0" type="stmt"/>
        <line num="359" count="0" type="stmt"/>
        <line num="360" count="0" type="stmt"/>
        <line num="361" count="0" type="stmt"/>
        <line num="363" count="0" type="cond" truecount="0" falsecount="2"/>
        <line num="364" count="0" type="cond" truecount="0" falsecount="2"/>
        <line num="365" count="0" type="stmt"/>
        <line num="366" count="0" type="stmt"/>
        <line num="368" count="0" type="cond" truecount="0" falsecount="2"/>
        <line num="369" count="0" type="stmt"/>
        <line num="370" count="0" type="stmt"/>
        <line num="373" count="0" type="stmt"/>
        <line num="379" count="0" type="stmt"/>
        <line num="380" count="0" type="stmt"/>
        <line num="381" count="0" type="cond" truecount="0" falsecount="4"/>
        <line num="382" count="0" type="stmt"/>
        <line num="384" count="0" type="stmt"/>
      </file>
    </package>
    <package name="sync.src">
      <metrics statements="143" coveredstatements="102" conditionals="106" coveredconditionals="59" methods="40" coveredmethods="17"/>
      <file name="config.ts" path="/root/osmosis/packages/sync/src/config.ts">
        <metrics statements="2" coveredstatements="2" conditionals="0" coveredconditionals="0" methods="2" coveredmethods="1"/>
        <line num="12" count="2" type="stmt"/>
        <line num="19" count="6" type="stmt"/>
      </file>
      <file name="index.ts" path="/root/osmosis/packages/sync/src/index.ts">
        <metrics statements="0" coveredstatements="0" conditionals="0" coveredconditionals="0" methods="0" coveredmethods="0"/>
      </file>
      <file name="meta.ts" path="/root/osmosis/packages/sync/src/meta.ts">
        <metrics statements="20" coveredstatements="17" conditionals="8" coveredconditionals="8" methods="12" coveredmethods="5"/>
        <line num="3" count="3" type="stmt"/>
        <line num="12" count="62" type="stmt"/>
        <line num="13" count="62" type="stmt"/>
        <line num="17" count="17" type="stmt"/>
        <line num="18" count="17" type="stmt"/>
        <line num="19" count="17" type="stmt"/>
        <line num="20" count="17" type="cond" truecount="4" falsecount="0"/>
        <line num="24" count="14" type="stmt"/>
        <line num="25" count="14" type="stmt"/>
        <line num="26" count="14" type="stmt"/>
        <line num="27" count="14" type="cond" truecount="4" falsecount="0"/>
        <line num="31" count="17" type="stmt"/>
        <line num="32" count="17" type="stmt"/>
        <line num="33" count="17" type="stmt"/>
        <line num="40" count="14" type="stmt"/>
        <line num="41" count="14" type="stmt"/>
        <line num="42" count="14" type="stmt"/>
        <line num="49" count="0" type="stmt"/>
        <line num="50" count="0" type="stmt"/>
        <line num="51" count="0" type="stmt"/>
      </file>
      <file name="pull.ts" path="/root/osmosis/packages/sync/src/pull.ts">
        <metrics statements="32" coveredstatements="25" conditionals="18" coveredconditionals="11" methods="2" coveredmethods="1"/>
        <line num="9" count="14" type="stmt"/>
        <line num="10" count="14" type="stmt"/>
        <line num="11" count="14" type="stmt"/>
        <line num="13" count="14" type="stmt"/>
        <line num="14" count="14" type="stmt"/>
        <line num="15" count="14" type="cond" truecount="2" falsecount="0"/>
        <line num="18" count="14" type="stmt"/>
        <line num="19" count="14" type="cond" truecount="1" falsecount="1"/>
        <line num="20" count="14" type="stmt"/>
        <line num="21" count="14" type="cond" truecount="1" falsecount="1"/>
        <line num="22" count="0" type="stmt"/>
        <line num="23" count="0" type="stmt"/>
        <line num="25" count="14" type="stmt"/>
        <line num="27" count="0" type="stmt"/>
        <line num="30" count="14" type="stmt"/>
        <line num="31" count="14" type="stmt"/>
        <line num="33" count="14" type="stmt"/>
        <line num="34" count="24" type="stmt"/>
        <line num="35" count="24" type="stmt"/>
        <line num="37" count="24" type="cond" truecount="1" falsecount="1"/>
        <line num="38" count="24" type="stmt"/>
        <line num="39" count="0" type="cond" truecount="0" falsecount="4"/>
        <line num="40" count="0" type="stmt"/>
        <line num="42" count="0" type="stmt"/>
        <line num="45" count="24" type="stmt"/>
        <line num="46" count="24" type="cond" truecount="6" falsecount="0"/>
        <line num="47" count="14" type="stmt"/>
        <line num="49" count="10" type="stmt"/>
        <line num="52" count="0" type="stmt"/>
        <line num="56" count="14" type="stmt"/>
        <line num="57" count="14" type="stmt"/>
        <line num="61" count="3" type="stmt"/>
      </file>
      <file name="push.ts" path="/root/osmosis/packages/sync/src/push.ts">
        <metrics statements="29" coveredstatements="26" conditionals="10" coveredconditionals="8" methods="5" coveredmethods="3"/>
        <line num="9" count="17" type="stmt"/>
        <line num="10" count="17" type="stmt"/>
        <line num="11" count="17" type="stmt"/>
        <line num="13" count="17" type="stmt"/>
        <line num="14" count="17" type="cond" truecount="2" falsecount="0"/>
        <line num="15" count="7" type="stmt"/>
        <line num="18" count="17" type="cond" truecount="2" falsecount="0"/>
        <line num="19" count="2" type="stmt"/>
        <line num="20" count="2" type="stmt"/>
        <line num="23" count="15" type="stmt"/>
        <line num="24" count="15" type="stmt"/>
        <line num="26" count="15" type="stmt"/>
        <line num="27" count="15" type="stmt"/>
        <line num="28" count="15" type="stmt"/>
        <line num="29" count="15" type="cond" truecount="1" falsecount="1"/>
        <line num="31" count="15" type="stmt"/>
        <line num="37" count="15" type="cond" truecount="1" falsecount="1"/>
        <line num="38" count="15" type="stmt"/>
        <line num="39" count="15" type="stmt"/>
        <line num="40" count="24" type="cond" truecount="2" falsecount="0"/>
        <line num="41" count="15" type="stmt"/>
        <line num="44" count="0" type="stmt"/>
        <line num="45" count="0" type="stmt"/>
        <line num="48" count="0" type="stmt"/>
        <line num="51" count="15" type="stmt"/>
        <line num="52" count="15" type="stmt"/>
        <line num="56" count="24" type="stmt"/>
        <line num="57" count="24" type="stmt"/>
        <line num="61" count="3" type="stmt"/>
      </file>
      <file name="scheduler.ts" path="/root/osmosis/packages/sync/src/scheduler.ts">
        <metrics statements="7" coveredstatements="0" conditionals="4" coveredconditionals="0" methods="4" coveredmethods="0"/>
        <line num="10" count="0" type="cond" truecount="0" falsecount="4"/>
        <line num="11" count="0" type="stmt"/>
        <line num="14" count="0" type="stmt"/>
        <line num="15" count="0" type="stmt"/>
        <line num="16" count="0" type="stmt"/>
        <line num="22" count="0" type="stmt"/>
        <line num="24" count="0" type="stmt"/>
      </file>
      <file name="server.ts" path="/root/osmosis/packages/sync/src/server.ts">
        <metrics statements="49" coveredstatements="28" conditionals="66" coveredconditionals="32" methods="13" coveredmethods="6"/>
        <line num="14" count="6" type="stmt"/>
        <line num="15" count="2" type="cond" truecount="2" falsecount="2"/>
        <line num="16" count="2" type="stmt"/>
        <line num="17" count="2" type="cond" truecount="2" falsecount="2"/>
        <line num="19" count="2" type="stmt"/>
        <line num="20" count="2" type="stmt"/>
        <line num="21" count="2" type="stmt"/>
        <line num="24" count="2" type="stmt"/>
        <line num="25" count="2" type="stmt"/>
        <line num="26" count="0" type="stmt"/>
        <line num="27" count="0" type="stmt"/>
        <line num="28" count="0" type="stmt"/>
        <line num="29" count="0" type="stmt"/>
        <line num="33" count="2" type="cond" truecount="3" falsecount="3"/>
        <line num="34" count="0" type="stmt"/>
        <line num="36" count="0" type="cond" truecount="0" falsecount="2"/>
        <line num="37" count="0" type="stmt"/>
        <line num="38" count="0" type="cond" truecount="0" falsecount="4"/>
        <line num="39" count="0" type="stmt"/>
        <line num="41" count="0" type="stmt"/>
        <line num="43" count="0" type="stmt"/>
        <line num="47" count="2" type="cond" truecount="5" falsecount="1"/>
        <line num="48" count="0" type="cond" truecount="0" falsecount="4"/>
        <line num="49" count="0" type="stmt"/>
        <line num="53" count="2" type="stmt"/>
        <line num="54" count="2" type="cond" truecount="5" falsecount="1"/>
        <line num="55" count="0" type="stmt"/>
        <line num="56" count="0" type="cond" truecount="0" falsecount="2"/>
        <line num="57" count="0" type="stmt"/>
        <line num="61" count="2" type="cond" truecount="6" falsecount="0"/>
        <line num="62" count="1" type="stmt"/>
        <line num="63" count="1" type="stmt"/>
        <line num="64" count="1" type="stmt"/>
        <line num="67" count="1" type="cond" truecount="1" falsecount="1"/>
        <line num="68" count="0" type="stmt"/>
        <line num="69" count="1" type="cond" truecount="2" falsecount="2"/>
        <line num="70" count="0" type="stmt"/>
        <line num="72" count="1" type="stmt"/>
        <line num="75" count="1" type="cond" truecount="1" falsecount="1"/>
        <line num="76" count="2" type="stmt"/>
        <line num="79" count="1" type="stmt"/>
        <line num="83" count="1" type="cond" truecount="5" falsecount="1"/>
        <line num="84" count="1" type="stmt"/>
        <line num="85" count="1" type="stmt"/>
        <line num="91" count="0" type="stmt"/>
        <line num="93" count="0" type="cond" truecount="0" falsecount="4"/>
        <line num="94" count="0" type="cond" truecount="0" falsecount="4"/>
        <line num="98" count="6" type="stmt"/>
        <line num="99" count="6" type="stmt"/>
      </file>
      <file name="sync.ts" path="/root/osmosis/packages/sync/src/sync.ts">
        <metrics statements="4" coveredstatements="4" conditionals="0" coveredconditionals="0" methods="2" coveredmethods="1"/>
        <line num="10" count="9" type="stmt"/>
        <line num="11" count="9" type="stmt"/>
        <line num="13" count="9" type="stmt"/>
        <line num="23" count="3" type="stmt"/>
      </file>
    </package>
  </project>
</coverage>
