{"/root/osmosis/packages/core/src/index.ts": {"path":"/root/osmosis/packages/core/src/index.ts","statementMap":{},"fnMap":{},"branchMap":{},"s":{},"f":{},"b":{},"meta":{"lastBranch":0,"lastFunction":0,"lastStatement":0,"seen":{}}}
,"/root/osmosis/packages/core/src/api/index.ts": {"path":"/root/osmosis/packages/core/src/api/index.ts","statementMap":{"0":{"start":{"line":6,"column":2},"end":{"line":6,"column":null}},"1":{"start":{"line":7,"column":2},"end":{"line":7,"column":null}},"2":{"start":{"line":11,"column":2},"end":{"line":16,"column":null}},"3":{"start":{"line":12,"column":29},"end":{"line":12,"column":31}},"4":{"start":{"line":13,"column":4},"end":{"line":13,"column":null}},"5":{"start":{"line":13,"column":34},"end":{"line":13,"column":48}},"6":{"start":{"line":14,"column":4},"end":{"line":14,"column":null}},"7":{"start":{"line":14,"column":24},"end":{"line":14,"column":65}},"8":{"start":{"line":15,"column":4},"end":{"line":15,"column":null}},"9":{"start":{"line":29,"column":14},"end":{"line":90,"column":4}},"10":{"start":{"line":30,"column":16},"end":{"line":30,"column":67}},"11":{"start":{"line":31,"column":17},"end":{"line":31,"column":29}},"12":{"start":{"line":32,"column":19},"end":{"line":32,"column":38}},"13":{"start":{"line":34,"column":4},"end":{"line":89,"column":null}},"14":{"start":{"line":36,"column":6},"end":{"line":47,"column":null}},"15":{"start":{"line":37,"column":21},"end":{"line":37,"column":52}},"16":{"start":{"line":39,"column":8},"end":{"line":45,"column":null}},"17":{"start":{"line":40,"column":10},"end":{"line":40,"column":null}},"18":{"start":{"line":41,"column":15},"end":{"line":45,"column":null}},"19":{"start":{"line":42,"column":10},"end":{"line":42,"column":null}},"20":{"start":{"line":44,"column":10},"end":{"line":44,"column":null}},"21":{"start":{"line":46,"column":8},"end":{"line":46,"column":null}},"22":{"start":{"line":50,"column":6},"end":{"line":53,"column":null}},"23":{"start":{"line":51,"column":18},"end":{"line":51,"column":49}},"24":{"start":{"line":52,"column":8},"end":{"line":52,"column":null}},"25":{"start":{"line":56,"column":22},"end":{"line":56,"column":54}},"26":{"start":{"line":57,"column":6},"end":{"line":61,"column":null}},"27":{"start":{"line":58,"column":21},"end":{"line":58,"column":47}},"28":{"start":{"line":59,"column":8},"end":{"line":59,"column":null}},"29":{"start":{"line":59,"column":19},"end":{"line":59,"column":null}},"30":{"start":{"line":60,"column":8},"end":{"line":60,"column":null}},"31":{"start":{"line":64,"column":6},"end":{"line":83,"column":null}},"32":{"start":{"line":65,"column":21},"end":{"line":65,"column":49}},"33":{"start":{"line":66,"column":25},"end":{"line":66,"column":58}},"34":{"start":{"line":67,"column":22},"end":{"line":67,"column":51}},"35":{"start":{"line":70,"column":8},"end":{"line":76,"column":null}},"36":{"start":{"line":71,"column":10},"end":{"line":71,"column":null}},"37":{"start":{"line":72,"column":15},"end":{"line":76,"column":null}},"38":{"start":{"line":73,"column":10},"end":{"line":73,"column":null}},"39":{"start":{"line":75,"column":10},"end":{"line":75,"column":null}},"40":{"start":{"line":78,"column":8},"end":{"line":80,"column":null}},"41":{"start":{"line":79,"column":10},"end":{"line":79,"column":null}},"42":{"start":{"line":79,"column":36},"end":{"line":79,"column":56}},"43":{"start":{"line":82,"column":8},"end":{"line":82,"column":null}},"44":{"start":{"line":85,"column":6},"end":{"line":85,"column":null}},"45":{"start":{"line":87,"column":21},"end":{"line":87,"column":56}},"46":{"start":{"line":88,"column":6},"end":{"line":88,"column":null}},"47":{"start":{"line":92,"column":2},"end":{"line":92,"column":null}},"48":{"start":{"line":93,"column":2},"end":{"line":93,"column":null}},"49":{"start":{"line":12,"column":29},"end":{"line":12,"column":null}},"50":{"start":{"line":29,"column":8},"end":{"line":90,"column":null}},"51":{"start":{"line":30,"column":16},"end":{"line":30,"column":null}},"52":{"start":{"line":31,"column":17},"end":{"line":31,"column":null}},"53":{"start":{"line":32,"column":19},"end":{"line":32,"column":null}},"54":{"start":{"line":37,"column":21},"end":{"line":37,"column":null}},"55":{"start":{"line":41,"column":8},"end":{"line":45,"column":null}},"56":{"start":{"line":51,"column":18},"end":{"line":51,"column":null}},"57":{"start":{"line":56,"column":22},"end":{"line":56,"column":null}},"58":{"start":{"line":58,"column":21},"end":{"line":58,"column":null}},"59":{"start":{"line":65,"column":21},"end":{"line":65,"column":null}},"60":{"start":{"line":66,"column":25},"end":{"line":66,"column":null}},"61":{"start":{"line":67,"column":22},"end":{"line":67,"column":null}},"62":{"start":{"line":72,"column":8},"end":{"line":76,"column":null}},"63":{"start":{"line":87,"column":21},"end":{"line":87,"column":null}}},"fnMap":{"0":{"name":"json","decl":{"start":{"line":5,"column":9},"end":{"line":5,"column":13}},"loc":{"start":{"line":5,"column":64},"end":{"line":8,"column":null}},"line":5},"1":{"name":"readBody","decl":{"start":{"line":10,"column":9},"end":{"line":10,"column":17}},"loc":{"start":{"line":10,"column":38},"end":{"line":17,"column":null}},"line":10},"2":{"name":"(anonymous_2)","decl":{"start":{"line":11,"column":21},"end":{"line":11,"column":22}},"loc":{"start":{"line":11,"column":41},"end":{"line":16,"column":3}},"line":11},"3":{"name":"(anonymous_3)","decl":{"start":{"line":13,"column":19},"end":{"line":13,"column":20}},"loc":{"start":{"line":13,"column":34},"end":{"line":13,"column":48}},"line":13},"4":{"name":"(anonymous_4)","decl":{"start":{"line":14,"column":18},"end":{"line":14,"column":21}},"loc":{"start":{"line":14,"column":24},"end":{"line":14,"column":65}},"line":14},"5":{"name":"createServer","decl":{"start":{"line":28,"column":16},"end":{"line":28,"column":28}},"loc":{"start":{"line":28,"column":66},"end":{"line":94,"column":null}},"line":28},"6":{"name":"(anonymous_6)","decl":{"start":{"line":29,"column":34},"end":{"line":29,"column":39}},"loc":{"start":{"line":29,"column":86},"end":{"line":90,"column":3}},"line":29},"7":{"name":"(anonymous_7)","decl":{"start":{"line":79,"column":31},"end":{"line":79,"column":32}},"loc":{"start":{"line":79,"column":36},"end":{"line":79,"column":56}},"line":79},"8":{"name":"json","decl":{"start":{"line":5,"column":9},"end":{"line":5,"column":14}},"loc":{"start":{"line":5,"column":72},"end":{"line":8,"column":null}},"line":5},"9":{"name":"readBody","decl":{"start":{"line":10,"column":9},"end":{"line":10,"column":18}},"loc":{"start":{"line":10,"column":57},"end":{"line":17,"column":null}},"line":10},"10":{"name":"(anonymous_2)","decl":{"start":{"line":11,"column":21},"end":{"line":11,"column":22}},"loc":{"start":{"line":11,"column":42},"end":{"line":16,"column":3}},"line":11},"11":{"name":"createServer","decl":{"start":{"line":28,"column":16},"end":{"line":28,"column":29}},"loc":{"start":{"line":28,"column":76},"end":{"line":94,"column":null}},"line":28},"12":{"name":"(anonymous_6)","decl":{"start":{"line":29,"column":34},"end":{"line":29,"column":41}},"loc":{"start":{"line":29,"column":87},"end":{"line":90,"column":3}},"line":29}},"branchMap":{"0":{"loc":{"start":{"line":28,"column":47},"end":{"line":28,"column":66}},"type":"default-arg","locations":[{"start":{"line":28,"column":62},"end":{"line":28,"column":66}}],"line":28},"1":{"loc":{"start":{"line":30,"column":24},"end":{"line":30,"column":38}},"type":"binary-expr","locations":[{"start":{"line":30,"column":24},"end":{"line":30,"column":31}},{"start":{"line":30,"column":35},"end":{"line":30,"column":38}}],"line":30},"2":{"loc":{"start":{"line":32,"column":19},"end":{"line":32,"column":38}},"type":"binary-expr","locations":[{"start":{"line":32,"column":19},"end":{"line":32,"column":29}},{"start":{"line":32,"column":33},"end":{"line":32,"column":38}}],"line":32},"3":{"loc":{"start":{"line":36,"column":6},"end":{"line":47,"column":null}},"type":"if","locations":[{"start":{"line":36,"column":6},"end":{"line":47,"column":null}},{"start":{},"end":{}}],"line":36},"4":{"loc":{"start":{"line":36,"column":10},"end":{"line":36,"column":48}},"type":"binary-expr","locations":[{"start":{"line":36,"column":10},"end":{"line":36,"column":27}},{"start":{"line":36,"column":31},"end":{"line":36,"column":48}}],"line":36},"5":{"loc":{"start":{"line":39,"column":8},"end":{"line":45,"column":null}},"type":"if","locations":[{"start":{"line":39,"column":8},"end":{"line":45,"column":null}},{"start":{"line":41,"column":15},"end":{"line":45,"column":null}}],"line":39},"6":{"loc":{"start":{"line":41,"column":15},"end":{"line":45,"column":null}},"type":"if","locations":[{"start":{"line":41,"column":15},"end":{"line":45,"column":null}},{"start":{"line":43,"column":15},"end":{"line":45,"column":null}}],"line":41},"7":{"loc":{"start":{"line":50,"column":6},"end":{"line":53,"column":null}},"type":"if","locations":[{"start":{"line":50,"column":6},"end":{"line":53,"column":null}},{"start":{},"end":{}}],"line":50},"8":{"loc":{"start":{"line":50,"column":10},"end":{"line":50,"column":54}},"type":"binary-expr","locations":[{"start":{"line":50,"column":10},"end":{"line":50,"column":26}},{"start":{"line":50,"column":30},"end":{"line":50,"column":54}}],"line":50},"9":{"loc":{"start":{"line":51,"column":18},"end":{"line":51,"column":49}},"type":"binary-expr","locations":[{"start":{"line":51,"column":18},"end":{"line":51,"column":43}},{"start":{"line":51,"column":47},"end":{"line":51,"column":49}}],"line":51},"10":{"loc":{"start":{"line":57,"column":6},"end":{"line":61,"column":null}},"type":"if","locations":[{"start":{"line":57,"column":6},"end":{"line":61,"column":null}},{"start":{},"end":{}}],"line":57},"11":{"loc":{"start":{"line":57,"column":10},"end":{"line":57,"column":37}},"type":"binary-expr","locations":[{"start":{"line":57,"column":10},"end":{"line":57,"column":26}},{"start":{"line":57,"column":30},"end":{"line":57,"column":37}}],"line":57},"12":{"loc":{"start":{"line":59,"column":8},"end":{"line":59,"column":null}},"type":"if","locations":[{"start":{"line":59,"column":8},"end":{"line":59,"column":null}},{"start":{},"end":{}}],"line":59},"13":{"loc":{"start":{"line":64,"column":6},"end":{"line":83,"column":null}},"type":"if","locations":[{"start":{"line":64,"column":6},"end":{"line":83,"column":null}},{"start":{},"end":{}}],"line":64},"14":{"loc":{"start":{"line":64,"column":10},"end":{"line":64,"column":47}},"type":"binary-expr","locations":[{"start":{"line":64,"column":10},"end":{"line":64,"column":26}},{"start":{"line":64,"column":30},"end":{"line":64,"column":47}}],"line":64},"15":{"loc":{"start":{"line":70,"column":8},"end":{"line":76,"column":null}},"type":"if","locations":[{"start":{"line":70,"column":8},"end":{"line":76,"column":null}},{"start":{"line":72,"column":15},"end":{"line":76,"column":null}}],"line":70},"16":{"loc":{"start":{"line":72,"column":15},"end":{"line":76,"column":null}},"type":"if","locations":[{"start":{"line":72,"column":15},"end":{"line":76,"column":null}},{"start":{"line":74,"column":15},"end":{"line":76,"column":null}}],"line":72},"17":{"loc":{"start":{"line":78,"column":8},"end":{"line":80,"column":null}},"type":"if","locations":[{"start":{"line":78,"column":8},"end":{"line":80,"column":null}},{"start":{},"end":{}}],"line":78},"18":{"loc":{"start":{"line":87,"column":21},"end":{"line":87,"column":56}},"type":"cond-expr","locations":[{"start":{"line":87,"column":47},"end":{"line":87,"column":50}},{"start":{"line":87,"column":53},"end":{"line":87,"column":56}}],"line":87},"19":{"loc":{"start":{"line":88,"column":33},"end":{"line":88,"column":64}},"type":"binary-expr","locations":[{"start":{"line":88,"column":33},"end":{"line":88,"column":44}},{"start":{"line":88,"column":48},"end":{"line":88,"column":64}}],"line":88},"20":{"loc":{"start":{"line":28,"column":47},"end":{"line":28,"column":76}},"type":"default-arg","locations":[{"start":{"line":28,"column":62},"end":{"line":28,"column":76}}],"line":28},"21":{"loc":{"start":{"line":30,"column":24},"end":{"line":30,"column":40}},"type":"binary-expr","locations":[{"start":{"line":30,"column":24},"end":{"line":30,"column":35}},{"start":{"line":30,"column":35},"end":{"line":30,"column":40}}],"line":30},"22":{"loc":{"start":{"line":32,"column":19},"end":{"line":32,"column":null}},"type":"binary-expr","locations":[{"start":{"line":32,"column":19},"end":{"line":32,"column":33}},{"start":{"line":32,"column":33},"end":{"line":32,"column":null}}],"line":32},"23":{"loc":{"start":{"line":36,"column":10},"end":{"line":36,"column":50}},"type":"binary-expr","locations":[{"start":{"line":36,"column":10},"end":{"line":36,"column":31}},{"start":{"line":36,"column":31},"end":{"line":36,"column":50}}],"line":36},"24":{"loc":{"start":{"line":41,"column":8},"end":{"line":45,"column":null}},"type":"if","locations":[{"start":{"line":41,"column":8},"end":{"line":45,"column":null}},{"start":{"line":43,"column":15},"end":{"line":45,"column":null}}],"line":41},"25":{"loc":{"start":{"line":50,"column":10},"end":{"line":50,"column":56}},"type":"binary-expr","locations":[{"start":{"line":50,"column":10},"end":{"line":50,"column":30}},{"start":{"line":50,"column":30},"end":{"line":50,"column":56}}],"line":50},"26":{"loc":{"start":{"line":51,"column":18},"end":{"line":51,"column":null}},"type":"binary-expr","locations":[{"start":{"line":51,"column":18},"end":{"line":51,"column":47}},{"start":{"line":51,"column":47},"end":{"line":51,"column":null}}],"line":51},"27":{"loc":{"start":{"line":57,"column":10},"end":{"line":57,"column":39}},"type":"binary-expr","locations":[{"start":{"line":57,"column":10},"end":{"line":57,"column":30}},{"start":{"line":57,"column":30},"end":{"line":57,"column":39}}],"line":57},"28":{"loc":{"start":{"line":64,"column":10},"end":{"line":64,"column":49}},"type":"binary-expr","locations":[{"start":{"line":64,"column":10},"end":{"line":64,"column":30}},{"start":{"line":64,"column":30},"end":{"line":64,"column":49}}],"line":64},"29":{"loc":{"start":{"line":72,"column":8},"end":{"line":76,"column":null}},"type":"if","locations":[{"start":{"line":72,"column":8},"end":{"line":76,"column":null}},{"start":{"line":74,"column":15},"end":{"line":76,"column":null}}],"line":72},"30":{"loc":{"start":{"line":87,"column":21},"end":{"line":87,"column":null}},"type":"cond-expr","locations":[{"start":{"line":87,"column":47},"end":{"line":87,"column":53}},{"start":{"line":87,"column":53},"end":{"line":87,"column":null}}],"line":87},"31":{"loc":{"start":{"line":88,"column":33},"end":{"line":88,"column":65}},"type":"binary-expr","locations":[{"start":{"line":88,"column":33},"end":{"line":88,"column":48}},{"start":{"line":88,"column":48},"end":{"line":88,"column":65}}],"line":88}},"s":{"0":12,"1":12,"2":3,"3":3,"4":3,"5":3,"6":3,"7":3,"8":3,"9":8,"10":12,"11":12,"12":12,"13":12,"14":12,"15":3,"16":3,"17":1,"18":2,"19":0,"20":2,"21":2,"22":9,"23":2,"24":2,"25":7,"26":7,"27":4,"28":4,"29":2,"30":2,"31":3,"32":3,"33":3,"34":3,"35":3,"36":0,"37":3,"38":1,"39":2,"40":3,"41":0,"42":0,"43":3,"44":0,"45":1,"46":1,"47":8,"48":8,"49":3,"50":7,"51":8,"52":8,"53":8,"54":7,"55":3,"56":5,"57":9,"58":5,"59":3,"60":3,"61":3,"62":3,"63":6},"f":{"0":5,"1":1,"2":3,"3":3,"4":3,"5":1,"6":12,"7":0,"8":12,"9":3,"10":3,"11":8,"12":12},"b":{"0":[8],"1":[12,0],"2":[12,0],"3":[3,9],"4":[12,3],"5":[1,2],"6":[0,2],"7":[2,7],"8":[9,9],"9":[2,0],"10":[4,3],"11":[7,7],"12":[2,2],"13":[3,0],"14":[3,3],"15":[0,3],"16":[1,2],"17":[0,3],"18":[1,0],"19":[1,0],"20":[7],"21":[7,0],"22":[7,0],"23":[8,6],"24":[1,2],"25":[6,8],"26":[2,3],"27":[6,5],"28":[3,2],"29":[1,2],"30":[1,0],"31":[1,0]},"meta":{"lastBranch":20,"lastFunction":8,"lastStatement":49,"seen":{"f:5:9:5:13":0,"s:6:2:6:Infinity":0,"s:7:2:7:Infinity":1,"f:10:9:10:17":1,"s:11:2:16:Infinity":2,"f:11:21:11:22":2,"s:12:29:12:31":3,"s:13:4:13:Infinity":4,"f:13:19:13:20":3,"s:13:34:13:48":5,"s:14:4:14:Infinity":6,"f:14:18:14:21":4,"s:14:24:14:65":7,"s:15:4:15:Infinity":8,"f:28:16:28:28":5,"b:28:62:28:66":0,"s:29:14:90:4":9,"f:29:34:29:39":6,"s:30:16:30:67":10,"b:30:24:30:31:30:35:30:38":1,"s:31:17:31:29":11,"s:32:19:32:38":12,"b:32:19:32:29:32:33:32:38":2,"s:34:4:89:Infinity":13,"b:36:6:47:Infinity:undefined:undefined:undefined:undefined":3,"s:36:6:47:Infinity":14,"b:36:10:36:27:36:31:36:48":4,"s:37:21:37:52":15,"b:39:8:45:Infinity:41:15:45:Infinity":5,"s:39:8:45:Infinity":16,"s:40:10:40:Infinity":17,"b:41:15:45:Infinity:43:15:45:Infinity":6,"s:41:15:45:Infinity":18,"s:42:10:42:Infinity":19,"s:44:10:44:Infinity":20,"s:46:8:46:Infinity":21,"b:50:6:53:Infinity:undefined:undefined:undefined:undefined":7,"s:50:6:53:Infinity":22,"b:50:10:50:26:50:30:50:54":8,"s:51:18:51:49":23,"b:51:18:51:43:51:47:51:49":9,"s:52:8:52:Infinity":24,"s:56:22:56:54":25,"b:57:6:61:Infinity:undefined:undefined:undefined:undefined":10,"s:57:6:61:Infinity":26,"b:57:10:57:26:57:30:57:37":11,"s:58:21:58:47":27,"b:59:8:59:Infinity:undefined:undefined:undefined:undefined":12,"s:59:8:59:Infinity":28,"s:59:19:59:Infinity":29,"s:60:8:60:Infinity":30,"b:64:6:83:Infinity:undefined:undefined:undefined:undefined":13,"s:64:6:83:Infinity":31,"b:64:10:64:26:64:30:64:47":14,"s:65:21:65:49":32,"s:66:25:66:58":33,"s:67:22:67:51":34,"b:70:8:76:Infinity:72:15:76:Infinity":15,"s:70:8:76:Infinity":35,"s:71:10:71:Infinity":36,"b:72:15:76:Infinity:74:15:76:Infinity":16,"s:72:15:76:Infinity":37,"s:73:10:73:Infinity":38,"s:75:10:75:Infinity":39,"b:78:8:80:Infinity:undefined:undefined:undefined:undefined":17,"s:78:8:80:Infinity":40,"s:79:10:79:Infinity":41,"f:79:31:79:32":7,"s:79:36:79:56":42,"s:82:8:82:Infinity":43,"s:85:6:85:Infinity":44,"s:87:21:87:56":45,"b:87:47:87:50:87:53:87:56":18,"s:88:6:88:Infinity":46,"b:88:33:88:44:88:48:88:64":19,"s:92:2:92:Infinity":47,"s:93:2:93:Infinity":48}}}
,"/root/osmosis/packages/core/src/capture/index.ts": {"path":"/root/osmosis/packages/core/src/capture/index.ts","statementMap":{"0":{"start":{"line":16,"column":18},"end":{"line":16,"column":99}},"1":{"start":{"line":17,"column":27},"end":{"line":17,"column":56}},"2":{"start":{"line":19,"column":15},"end":{"line":36,"column":4}},"3":{"start":{"line":38,"column":2},"end":{"line":38,"column":null}},"4":{"start":{"line":53,"column":4},"end":{"line":57,"column":34}},"5":{"start":{"line":59,"column":15},"end":{"line":68,"column":4}},"6":{"start":{"line":70,"column":2},"end":{"line":70,"column":null}},"7":{"start":{"line":16,"column":8},"end":{"line":16,"column":null}},"8":{"start":{"line":17,"column":27},"end":{"line":17,"column":null}},"9":{"start":{"line":19,"column":15},"end":{"line":36,"column":null}},"10":{"start":{"line":52,"column":8},"end":{"line":57,"column":null}},"11":{"start":{"line":59,"column":15},"end":{"line":68,"column":null}}},"fnMap":{"0":{"name":"captureToolCall","decl":{"start":{"line":8,"column":16},"end":{"line":8,"column":31}},"loc":{"start":{"line":14,"column":27},"end":{"line":39,"column":null}},"line":14},"1":{"name":"captureOutcome","decl":{"start":{"line":44,"column":16},"end":{"line":44,"column":30}},"loc":{"start":{"line":47,"column":25},"end":{"line":71,"column":null}},"line":47},"2":{"name":"captureToolCall","decl":{"start":{"line":8,"column":16},"end":{"line":8,"column":null}},"loc":{"start":{"line":15,"column":10},"end":{"line":39,"column":null}},"line":15},"3":{"name":"captureOutcome","decl":{"start":{"line":44,"column":16},"end":{"line":44,"column":null}},"loc":{"start":{"line":48,"column":10},"end":{"line":71,"column":null}},"line":48}},"branchMap":{"0":{"loc":{"start":{"line":17,"column":27},"end":{"line":17,"column":56}},"type":"cond-expr","locations":[{"start":{"line":17,"column":35},"end":{"line":17,"column":44}},{"start":{"line":17,"column":47},"end":{"line":17,"column":56}}],"line":17},"1":{"loc":{"start":{"line":21,"column":17},"end":{"line":23,"column":38}},"type":"cond-expr","locations":[{"start":{"line":22,"column":8},"end":{"line":22,"column":null}},{"start":{"line":23,"column":8},"end":{"line":23,"column":38}}],"line":21},"2":{"loc":{"start":{"line":25,"column":16},"end":{"line":25,"column":33}},"type":"cond-expr","locations":[{"start":{"line":25,"column":24},"end":{"line":25,"column":27}},{"start":{"line":25,"column":30},"end":{"line":25,"column":33}}],"line":25},"3":{"loc":{"start":{"line":26,"column":19},"end":{"line":26,"column":36}},"type":"cond-expr","locations":[{"start":{"line":26,"column":27},"end":{"line":26,"column":30}},{"start":{"line":26,"column":33},"end":{"line":26,"column":36}}],"line":26},"4":{"loc":{"start":{"line":33,"column":21},"end":{"line":33,"column":34}},"type":"binary-expr","locations":[{"start":{"line":33,"column":21},"end":{"line":33,"column":26}},{"start":{"line":33,"column":30},"end":{"line":33,"column":34}}],"line":33},"5":{"loc":{"start":{"line":34,"column":16},"end":{"line":34,"column":33}},"type":"binary-expr","locations":[{"start":{"line":34,"column":16},"end":{"line":34,"column":25}},{"start":{"line":34,"column":29},"end":{"line":34,"column":33}}],"line":34},"6":{"loc":{"start":{"line":35,"column":23},"end":{"line":35,"column":40}},"type":"cond-expr","locations":[{"start":{"line":35,"column":31},"end":{"line":35,"column":34}},{"start":{"line":35,"column":37},"end":{"line":35,"column":40}}],"line":35},"7":{"loc":{"start":{"line":53,"column":5},"end":{"line":53,"column":46}},"type":"cond-expr","locations":[{"start":{"line":53,"column":39},"end":{"line":53,"column":42}},{"start":{"line":53,"column":45},"end":{"line":53,"column":46}}],"line":53},"8":{"loc":{"start":{"line":54,"column":5},"end":{"line":54,"column":44}},"type":"cond-expr","locations":[{"start":{"line":54,"column":37},"end":{"line":54,"column":40}},{"start":{"line":54,"column":43},"end":{"line":54,"column":44}}],"line":54},"9":{"loc":{"start":{"line":55,"column":5},"end":{"line":55,"column":87}},"type":"cond-expr","locations":[{"start":{"line":55,"column":39},"end":{"line":55,"column":42}},{"start":{"line":55,"column":45},"end":{"line":55,"column":87}}],"line":55},"10":{"loc":{"start":{"line":55,"column":45},"end":{"line":55,"column":87}},"type":"cond-expr","locations":[{"start":{"line":55,"column":79},"end":{"line":55,"column":83}},{"start":{"line":55,"column":86},"end":{"line":55,"column":87}}],"line":55},"11":{"loc":{"start":{"line":57,"column":5},"end":{"line":57,"column":33}},"type":"cond-expr","locations":[{"start":{"line":57,"column":26},"end":{"line":57,"column":29}},{"start":{"line":57,"column":32},"end":{"line":57,"column":33}}],"line":57},"12":{"loc":{"start":{"line":17,"column":27},"end":{"line":17,"column":null}},"type":"cond-expr","locations":[{"start":{"line":17,"column":35},"end":{"line":17,"column":47}},{"start":{"line":17,"column":47},"end":{"line":17,"column":null}}],"line":17},"13":{"loc":{"start":{"line":25,"column":16},"end":{"line":25,"column":null}},"type":"cond-expr","locations":[{"start":{"line":25,"column":24},"end":{"line":25,"column":30}},{"start":{"line":25,"column":30},"end":{"line":25,"column":null}}],"line":25},"14":{"loc":{"start":{"line":26,"column":19},"end":{"line":26,"column":null}},"type":"cond-expr","locations":[{"start":{"line":26,"column":27},"end":{"line":26,"column":33}},{"start":{"line":26,"column":33},"end":{"line":26,"column":null}}],"line":26},"15":{"loc":{"start":{"line":33,"column":21},"end":{"line":33,"column":null}},"type":"binary-expr","locations":[{"start":{"line":33,"column":21},"end":{"line":33,"column":30}},{"start":{"line":33,"column":30},"end":{"line":33,"column":null}}],"line":33},"16":{"loc":{"start":{"line":34,"column":16},"end":{"line":34,"column":null}},"type":"binary-expr","locations":[{"start":{"line":34,"column":16},"end":{"line":34,"column":29}},{"start":{"line":34,"column":29},"end":{"line":34,"column":null}}],"line":34},"17":{"loc":{"start":{"line":35,"column":23},"end":{"line":35,"column":null}},"type":"cond-expr","locations":[{"start":{"line":35,"column":31},"end":{"line":35,"column":37}},{"start":{"line":35,"column":37},"end":{"line":35,"column":null}}],"line":35},"18":{"loc":{"start":{"line":53,"column":5},"end":{"line":53,"column":null}},"type":"cond-expr","locations":[{"start":{"line":53,"column":39},"end":{"line":53,"column":45}},{"start":{"line":53,"column":45},"end":{"line":53,"column":null}}],"line":53},"19":{"loc":{"start":{"line":54,"column":5},"end":{"line":54,"column":null}},"type":"cond-expr","locations":[{"start":{"line":54,"column":37},"end":{"line":54,"column":43}},{"start":{"line":54,"column":43},"end":{"line":54,"column":null}}],"line":54},"20":{"loc":{"start":{"line":55,"column":5},"end":{"line":55,"column":null}},"type":"cond-expr","locations":[{"start":{"line":55,"column":39},"end":{"line":55,"column":45}},{"start":{"line":55,"column":45},"end":{"line":55,"column":null}}],"line":55},"21":{"loc":{"start":{"line":55,"column":45},"end":{"line":55,"column":null}},"type":"cond-expr","locations":[{"start":{"line":55,"column":79},"end":{"line":55,"column":86}},{"start":{"line":55,"column":86},"end":{"line":55,"column":null}}],"line":55},"22":{"loc":{"start":{"line":57,"column":5},"end":{"line":57,"column":null}},"type":"cond-expr","locations":[{"start":{"line":57,"column":26},"end":{"line":57,"column":32}},{"start":{"line":57,"column":32},"end":{"line":57,"column":null}}],"line":57}},"s":{"0":8,"1":8,"2":8,"3":8,"4":5,"5":5,"6":5,"7":3,"8":3,"9":3,"10":5,"11":5},"f":{"0":5,"1":0,"2":8,"3":5},"b":{"0":[3,5],"1":[3,5],"2":[3,5],"3":[3,5],"4":[8,5],"5":[8,2],"6":[3,5],"7":[3,2],"8":[4,1],"9":[2,3],"10":[2,1],"11":[3,2],"12":[1,2],"13":[1,2],"14":[1,2],"15":[3,2],"16":[3,2],"17":[1,2],"18":[3,2],"19":[4,1],"20":[2,3],"21":[2,1],"22":[3,2]},"meta":{"lastBranch":12,"lastFunction":2,"lastStatement":7,"seen":{"f:8:16:8:31":0,"s:16:18:16:99":0,"s:17:27:17:56":1,"b:17:35:17:44:17:47:17:56":0,"s:19:15:36:4":2,"b:22:8:22:Infinity:23:8:23:38":1,"b:25:24:25:27:25:30:25:33":2,"b:26:27:26:30:26:33:26:36":3,"b:33:21:33:26:33:30:33:34":4,"b:34:16:34:25:34:29:34:33":5,"b:35:31:35:34:35:37:35:40":6,"s:38:2:38:Infinity":3,"f:44:16:44:30":1,"s:53:4:57:34":4,"b:53:39:53:42:53:45:53:46":7,"b:54:37:54:40:54:43:54:44":8,"b:55:39:55:42:55:45:55:87":9,"b:55:79:55:83:55:86:55:87":10,"b:57:26:57:29:57:32:57:33":11,"s:59:15:68:4":5,"s:70:2:70:Infinity":6}}}
,"/root/osmosis/packages/core/src/distill/index.ts": {"path":"/root/osmosis/packages/core/src/distill/index.ts","statementMap":{"0":{"start":{"line":23,"column":2},"end":{"line":23,"column":null}},"1":{"start":{"line":28,"column":32},"end":{"line":28,"column":34}},"2":{"start":{"line":33,"column":4},"end":{"line":33,"column":null}},"3":{"start":{"line":34,"column":4},"end":{"line":34,"column":null}},"4":{"start":{"line":39,"column":4},"end":{"line":39,"column":null}},"5":{"start":{"line":40,"column":4},"end":{"line":40,"column":null}},"6":{"start":{"line":45,"column":4},"end":{"line":45,"column":null}},"7":{"start":{"line":50,"column":4},"end":{"line":50,"column":null}},"8":{"start":{"line":55,"column":18},"end":{"line":55,"column":39}},"9":{"start":{"line":56,"column":20},"end":{"line":56,"column":72}},"10":{"start":{"line":56,"column":53},"end":{"line":56,"column":70}},"11":{"start":{"line":57,"column":4},"end":{"line":57,"column":null}},"12":{"start":{"line":57,"column":53},"end":{"line":57,"column":63}},"13":{"start":{"line":62,"column":4},"end":{"line":62,"column":null}},"14":{"start":{"line":28,"column":32},"end":{"line":28,"column":null}},"15":{"start":{"line":55,"column":18},"end":{"line":55,"column":null}},"16":{"start":{"line":56,"column":20},"end":{"line":56,"column":null}}},"fnMap":{"0":{"name":"distillTrace","decl":{"start":{"line":21,"column":22},"end":{"line":21,"column":34}},"loc":{"start":{"line":21,"column":52},"end":{"line":24,"column":null}},"line":21},"1":{"name":"(anonymous_1)","decl":{"start":{"line":32,"column":2},"end":{"line":32,"column":14}},"loc":{"start":{"line":32,"column":69},"end":{"line":35,"column":null}},"line":32},"2":{"name":"(anonymous_2)","decl":{"start":{"line":38,"column":2},"end":{"line":38,"column":5}},"loc":{"start":{"line":38,"column":22},"end":{"line":41,"column":null}},"line":38},"3":{"name":"(anonymous_3)","decl":{"start":{"line":44,"column":6},"end":{"line":44,"column":13}},"loc":{"start":{"line":44,"column":13},"end":{"line":46,"column":null}},"line":44},"4":{"name":"(anonymous_4)","decl":{"start":{"line":49,"column":6},"end":{"line":49,"column":11}},"loc":{"start":{"line":49,"column":11},"end":{"line":51,"column":null}},"line":49},"5":{"name":"(anonymous_5)","decl":{"start":{"line":54,"column":8},"end":{"line":54,"column":13}},"loc":{"start":{"line":54,"column":13},"end":{"line":58,"column":null}},"line":54},"6":{"name":"(anonymous_6)","decl":{"start":{"line":56,"column":48},"end":{"line":56,"column":49}},"loc":{"start":{"line":56,"column":53},"end":{"line":56,"column":70}},"line":56},"7":{"name":"(anonymous_7)","decl":{"start":{"line":57,"column":26},"end":{"line":57,"column":27}},"loc":{"start":{"line":57,"column":53},"end":{"line":57,"column":63}},"line":57},"8":{"name":"(anonymous_8)","decl":{"start":{"line":61,"column":2},"end":{"line":61,"column":7}},"loc":{"start":{"line":61,"column":7},"end":{"line":63,"column":null}},"line":61},"9":{"name":"distillTrace","decl":{"start":{"line":21,"column":22},"end":{"line":21,"column":35}},"loc":{"start":{"line":21,"column":85},"end":{"line":24,"column":null}},"line":21},"10":{"name":"(anonymous_1)","decl":{"start":{"line":32,"column":2},"end":{"line":32,"column":14}},"loc":{"start":{"line":32,"column":71},"end":{"line":35,"column":null}},"line":32},"11":{"name":"(anonymous_2)","decl":{"start":{"line":38,"column":2},"end":{"line":38,"column":6}},"loc":{"start":{"line":38,"column":33},"end":{"line":41,"column":null}},"line":38},"12":{"name":"(anonymous_3)","decl":{"start":{"line":44,"column":6},"end":{"line":44,"column":24}},"loc":{"start":{"line":44,"column":24},"end":{"line":46,"column":null}},"line":44},"13":{"name":"(anonymous_4)","decl":{"start":{"line":49,"column":6},"end":{"line":49,"column":23}},"loc":{"start":{"line":49,"column":23},"end":{"line":51,"column":null}},"line":49},"14":{"name":"(anonymous_5)","decl":{"start":{"line":54,"column":8},"end":{"line":54,"column":42}},"loc":{"start":{"line":54,"column":42},"end":{"line":58,"column":null}},"line":54},"15":{"name":"(anonymous_8)","decl":{"start":{"line":61,"column":2},"end":{"line":61,"column":23}},"loc":{"start":{"line":61,"column":23},"end":{"line":63,"column":null}},"line":61}},"branchMap":{"0":{"loc":{"start":{"line":33,"column":21},"end":{"line":33,"column":45}},"type":"binary-expr","locations":[{"start":{"line":33,"column":21},"end":{"line":33,"column":39}},{"start":{"line":33,"column":43},"end":{"line":33,"column":45}}],"line":33},"1":{"loc":{"start":{"line":34,"column":21},"end":{"line":34,"column":55}},"type":"binary-expr","locations":[{"start":{"line":34,"column":21},"end":{"line":34,"column":39}},{"start":{"line":34,"column":43},"end":{"line":34,"column":55}}],"line":34},"2":{"loc":{"start":{"line":33,"column":21},"end":{"line":33,"column":null}},"type":"binary-expr","locations":[{"start":{"line":33,"column":21},"end":{"line":33,"column":43}},{"start":{"line":33,"column":43},"end":{"line":33,"column":null}}],"line":33},"3":{"loc":{"start":{"line":34,"column":21},"end":{"line":34,"column":null}},"type":"binary-expr","locations":[{"start":{"line":34,"column":21},"end":{"line":34,"column":43}},{"start":{"line":34,"column":43},"end":{"line":34,"column":null}}],"line":34}},"s":{"0":3,"1":4,"2":4,"3":4,"4":9,"5":9,"6":5,"7":3,"8":2,"9":2,"10":4,"11":2,"12":4,"13":1,"14":4,"15":2,"16":2},"f":{"0":0,"1":0,"2":0,"3":0,"4":0,"5":0,"6":4,"7":4,"8":0,"9":3,"10":4,"11":9,"12":5,"13":3,"14":2,"15":1},"b":{"0":[4,0],"1":[4,3],"2":[4,0],"3":[4,3]},"meta":{"lastBranch":2,"lastFunction":9,"lastStatement":14,"seen":{"f:21:22:21:34":0,"s:23:2:23:Infinity":0,"s:28:32:28:34":1,"f:32:2:32:14":1,"s:33:4:33:Infinity":2,"b:33:21:33:39:33:43:33:45":0,"s:34:4:34:Infinity":3,"b:34:21:34:39:34:43:34:55":1,"f:38:2:38:5":2,"s:39:4:39:Infinity":4,"s:40:4:40:Infinity":5,"f:44:6:44:13":3,"s:45:4:45:Infinity":6,"f:49:6:49:11":4,"s:50:4:50:Infinity":7,"f:54:8:54:13":5,"s:55:18:55:39":8,"s:56:20:56:72":9,"f:56:48:56:49":6,"s:56:53:56:70":10,"s:57:4:57:Infinity":11,"f:57:26:57:27":7,"s:57:53:57:63":12,"f:61:2:61:7":8,"s:62:4:62:Infinity":13}}}
,"/root/osmosis/packages/core/src/distill/llm.ts": {"path":"/root/osmosis/packages/core/src/distill/llm.ts","statementMap":{"0":{"start":{"line":25,"column":52},"end":{"line":31,"column":null}},"1":{"start":{"line":33,"column":23},"end":{"line":56,"column":null}},"2":{"start":{"line":71,"column":17},"end":{"line":71,"column":47}},"3":{"start":{"line":72,"column":2},"end":{"line":77,"column":null}},"4":{"start":{"line":73,"column":16},"end":{"line":73,"column":30}},"5":{"start":{"line":74,"column":21},"end":{"line":74,"column":42}},"6":{"start":{"line":75,"column":4},"end":{"line":75,"column":null}},"7":{"start":{"line":76,"column":4},"end":{"line":76,"column":null}},"8":{"start":{"line":78,"column":2},"end":{"line":78,"column":null}},"9":{"start":{"line":85,"column":2},"end":{"line":92,"column":null}},"10":{"start":{"line":86,"column":19},"end":{"line":86,"column":51}},"11":{"start":{"line":87,"column":26},"end":{"line":89,"column":14}},"12":{"start":{"line":90,"column":25},"end":{"line":90,"column":65}},"13":{"start":{"line":91,"column":4},"end":{"line":91,"column":null}},"14":{"start":{"line":102,"column":2},"end":{"line":102,"column":null}},"15":{"start":{"line":102,"column":40},"end":{"line":102,"column":null}},"16":{"start":{"line":103,"column":2},"end":{"line":103,"column":null}},"17":{"start":{"line":103,"column":22},"end":{"line":103,"column":null}},"18":{"start":{"line":105,"column":18},"end":{"line":105,"column":41}},"19":{"start":{"line":107,"column":2},"end":{"line":162,"column":null}},"20":{"start":{"line":108,"column":16},"end":{"line":123,"column":6}},"21":{"start":{"line":125,"column":4},"end":{"line":128,"column":null}},"22":{"start":{"line":126,"column":6},"end":{"line":126,"column":null}},"23":{"start":{"line":127,"column":6},"end":{"line":127,"column":null}},"24":{"start":{"line":130,"column":17},"end":{"line":130,"column":40}},"25":{"start":{"line":131,"column":20},"end":{"line":131,"column":55}},"26":{"start":{"line":132,"column":4},"end":{"line":132,"column":null}},"27":{"start":{"line":132,"column":18},"end":{"line":132,"column":null}},"28":{"start":{"line":136,"column":4},"end":{"line":153,"column":null}},"29":{"start":{"line":137,"column":6},"end":{"line":137,"column":null}},"30":{"start":{"line":140,"column":24},"end":{"line":140,"column":69}},"31":{"start":{"line":141,"column":6},"end":{"line":152,"column":null}},"32":{"start":{"line":142,"column":8},"end":{"line":142,"column":null}},"33":{"start":{"line":145,"column":27},"end":{"line":145,"column":55}},"34":{"start":{"line":146,"column":8},"end":{"line":151,"column":null}},"35":{"start":{"line":147,"column":10},"end":{"line":147,"column":null}},"36":{"start":{"line":149,"column":10},"end":{"line":149,"column":null}},"37":{"start":{"line":150,"column":10},"end":{"line":150,"column":null}},"38":{"start":{"line":154,"column":18},"end":{"line":154,"column":89}},"39":{"start":{"line":156,"column":4},"end":{"line":158,"column":null}},"40":{"start":{"line":157,"column":6},"end":{"line":157,"column":85}},"41":{"start":{"line":160,"column":4},"end":{"line":160,"column":null}},"42":{"start":{"line":161,"column":4},"end":{"line":161,"column":null}},"43":{"start":{"line":172,"column":2},"end":{"line":204,"column":null}},"44":{"start":{"line":173,"column":17},"end":{"line":181,"column":null}},"45":{"start":{"line":183,"column":4},"end":{"line":192,"column":null}},"46":{"start":{"line":184,"column":6},"end":{"line":191,"column":null}},"47":{"start":{"line":194,"column":4},"end":{"line":203,"column":null}}},"fnMap":{"0":{"name":"groupTraces","decl":{"start":{"line":70,"column":16},"end":{"line":70,"column":27}},"loc":{"start":{"line":70,"column":47},"end":{"line":79,"column":null}},"line":70},"1":{"name":"summarizeTraces","decl":{"start":{"line":84,"column":9},"end":{"line":84,"column":24}},"loc":{"start":{"line":84,"column":44},"end":{"line":93,"column":null}},"line":84},"2":{"name":"(anonymous_2)","decl":{"start":{"line":85,"column":20},"end":{"line":85,"column":21}},"loc":{"start":{"line":85,"column":29},"end":{"line":92,"column":3}},"line":85},"3":{"name":"llmDistill","decl":{"start":{"line":98,"column":22},"end":{"line":98,"column":32}},"loc":{"start":{"line":100,"column":26},"end":{"line":163,"column":null}},"line":100},"4":{"name":"(anonymous_4)","decl":{"start":{"line":156,"column":24},"end":{"line":156,"column":25}},"loc":{"start":{"line":157,"column":6},"end":{"line":157,"column":85}},"line":157},"5":{"name":"toCreateAtoms","decl":{"start":{"line":168,"column":16},"end":{"line":168,"column":29}},"loc":{"start":{"line":170,"column":33},"end":{"line":205,"column":null}},"line":170},"6":{"name":"(anonymous_6)","decl":{"start":{"line":172,"column":23},"end":{"line":172,"column":24}},"loc":{"start":{"line":172,"column":27},"end":{"line":204,"column":3}},"line":172}},"branchMap":{"0":{"loc":{"start":{"line":74,"column":21},"end":{"line":74,"column":42}},"type":"binary-expr","locations":[{"start":{"line":74,"column":21},"end":{"line":74,"column":36}},{"start":{"line":74,"column":40},"end":{"line":74,"column":42}}],"line":74},"1":{"loc":{"start":{"line":87,"column":26},"end":{"line":89,"column":14}},"type":"cond-expr","locations":[{"start":{"line":88,"column":8},"end":{"line":88,"column":null}},{"start":{"line":89,"column":8},"end":{"line":89,"column":14}}],"line":87},"2":{"loc":{"start":{"line":90,"column":25},"end":{"line":90,"column":65}},"type":"cond-expr","locations":[{"start":{"line":90,"column":35},"end":{"line":90,"column":56}},{"start":{"line":90,"column":59},"end":{"line":90,"column":65}}],"line":90},"3":{"loc":{"start":{"line":102,"column":2},"end":{"line":102,"column":null}},"type":"if","locations":[{"start":{"line":102,"column":2},"end":{"line":102,"column":null}},{"start":{},"end":{}}],"line":102},"4":{"loc":{"start":{"line":103,"column":2},"end":{"line":103,"column":null}},"type":"if","locations":[{"start":{"line":103,"column":2},"end":{"line":103,"column":null}},{"start":{},"end":{}}],"line":103},"5":{"loc":{"start":{"line":125,"column":4},"end":{"line":128,"column":null}},"type":"if","locations":[{"start":{"line":125,"column":4},"end":{"line":128,"column":null}},{"start":{},"end":{}}],"line":125},"6":{"loc":{"start":{"line":132,"column":4},"end":{"line":132,"column":null}},"type":"if","locations":[{"start":{"line":132,"column":4},"end":{"line":132,"column":null}},{"start":{},"end":{}}],"line":132},"7":{"loc":{"start":{"line":141,"column":6},"end":{"line":152,"column":null}},"type":"if","locations":[{"start":{"line":141,"column":6},"end":{"line":152,"column":null}},{"start":{"line":143,"column":13},"end":{"line":152,"column":null}}],"line":141},"8":{"loc":{"start":{"line":146,"column":8},"end":{"line":151,"column":null}},"type":"if","locations":[{"start":{"line":146,"column":8},"end":{"line":151,"column":null}},{"start":{"line":148,"column":15},"end":{"line":151,"column":null}}],"line":146},"9":{"loc":{"start":{"line":154,"column":18},"end":{"line":154,"column":89}},"type":"cond-expr","locations":[{"start":{"line":154,"column":42},"end":{"line":154,"column":48}},{"start":{"line":154,"column":51},"end":{"line":154,"column":89}}],"line":154},"10":{"loc":{"start":{"line":154,"column":51},"end":{"line":154,"column":89}},"type":"binary-expr","locations":[{"start":{"line":154,"column":51},"end":{"line":154,"column":63}},{"start":{"line":154,"column":67},"end":{"line":154,"column":83}},{"start":{"line":154,"column":87},"end":{"line":154,"column":89}}],"line":154},"11":{"loc":{"start":{"line":157,"column":6},"end":{"line":157,"column":85}},"type":"binary-expr","locations":[{"start":{"line":157,"column":6},"end":{"line":157,"column":19}},{"start":{"line":157,"column":23},"end":{"line":157,"column":56}},{"start":{"line":157,"column":60},"end":{"line":157,"column":85}}],"line":157},"12":{"loc":{"start":{"line":170,"column":2},"end":{"line":170,"column":33}},"type":"default-arg","locations":[{"start":{"line":170,"column":22},"end":{"line":170,"column":33}}],"line":170},"13":{"loc":{"start":{"line":183,"column":4},"end":{"line":192,"column":null}},"type":"if","locations":[{"start":{"line":183,"column":4},"end":{"line":192,"column":null}},{"start":{},"end":{}}],"line":183},"14":{"loc":{"start":{"line":183,"column":8},"end":{"line":183,"column":47}},"type":"binary-expr","locations":[{"start":{"line":183,"column":8},"end":{"line":183,"column":29}},{"start":{"line":183,"column":33},"end":{"line":183,"column":47}}],"line":183},"15":{"loc":{"start":{"line":189,"column":20},"end":{"line":189,"column":50}},"type":"binary-expr","locations":[{"start":{"line":189,"column":20},"end":{"line":189,"column":37}},{"start":{"line":189,"column":41},"end":{"line":189,"column":50}}],"line":189},"16":{"loc":{"start":{"line":190,"column":18},"end":{"line":190,"column":74}},"type":"cond-expr","locations":[{"start":{"line":190,"column":39},"end":{"line":190,"column":54}},{"start":{"line":190,"column":57},"end":{"line":190,"column":74}}],"line":190},"17":{"loc":{"start":{"line":199,"column":15},"end":{"line":199,"column":74}},"type":"cond-expr","locations":[{"start":{"line":199,"column":35},"end":{"line":199,"column":53}},{"start":{"line":199,"column":56},"end":{"line":199,"column":74}}],"line":199},"18":{"loc":{"start":{"line":202,"column":25},"end":{"line":202,"column":54}},"type":"cond-expr","locations":[{"start":{"line":202,"column":45},"end":{"line":202,"column":48}},{"start":{"line":202,"column":51},"end":{"line":202,"column":54}}],"line":202}},"s":{"0":6,"1":6,"2":0,"3":0,"4":0,"5":0,"6":0,"7":0,"8":0,"9":0,"10":0,"11":0,"12":0,"13":0,"14":0,"15":0,"16":0,"17":0,"18":0,"19":0,"20":0,"21":0,"22":0,"23":0,"24":0,"25":0,"26":0,"27":0,"28":0,"29":0,"30":0,"31":0,"32":0,"33":0,"34":0,"35":0,"36":0,"37":0,"38":0,"39":0,"40":0,"41":0,"42":0,"43":0,"44":0,"45":0,"46":0,"47":0},"f":{"0":0,"1":0,"2":0,"3":0,"4":0,"5":0,"6":0},"b":{"0":[0,0],"1":[0,0],"2":[0,0],"3":[0,0],"4":[0,0],"5":[0,0],"6":[0,0],"7":[0,0],"8":[0,0],"9":[0,0],"10":[0,0,0],"11":[0,0,0],"12":[0],"13":[0,0],"14":[0,0],"15":[0,0],"16":[0,0],"17":[0,0],"18":[0,0]},"meta":{"lastBranch":19,"lastFunction":7,"lastStatement":48,"seen":{"s:25:52:31:Infinity":0,"s:33:23:56:Infinity":1,"f:70:16:70:27":0,"s:71:17:71:47":2,"s:72:2:77:Infinity":3,"s:73:16:73:30":4,"s:74:21:74:42":5,"b:74:21:74:36:74:40:74:42":0,"s:75:4:75:Infinity":6,"s:76:4:76:Infinity":7,"s:78:2:78:Infinity":8,"f:84:9:84:24":1,"s:85:2:92:Infinity":9,"f:85:20:85:21":2,"s:86:19:86:51":10,"s:87:26:89:14":11,"b:88:8:88:Infinity:89:8:89:14":1,"s:90:25:90:65":12,"b:90:35:90:56:90:59:90:65":2,"s:91:4:91:Infinity":13,"f:98:22:98:32":3,"b:102:2:102:Infinity:undefined:undefined:undefined:undefined":3,"s:102:2:102:Infinity":14,"s:102:40:102:Infinity":15,"b:103:2:103:Infinity:undefined:undefined:undefined:undefined":4,"s:103:2:103:Infinity":16,"s:103:22:103:Infinity":17,"s:105:18:105:41":18,"s:107:2:162:Infinity":19,"s:108:16:123:6":20,"b:125:4:128:Infinity:undefined:undefined:undefined:undefined":5,"s:125:4:128:Infinity":21,"s:126:6:126:Infinity":22,"s:127:6:127:Infinity":23,"s:130:17:130:40":24,"s:131:20:131:55":25,"b:132:4:132:Infinity:undefined:undefined:undefined:undefined":6,"s:132:4:132:Infinity":26,"s:132:18:132:Infinity":27,"s:136:4:153:Infinity":28,"s:137:6:137:Infinity":29,"s:140:24:140:69":30,"b:141:6:152:Infinity:143:13:152:Infinity":7,"s:141:6:152:Infinity":31,"s:142:8:142:Infinity":32,"s:145:27:145:55":33,"b:146:8:151:Infinity:148:15:151:Infinity":8,"s:146:8:151:Infinity":34,"s:147:10:147:Infinity":35,"s:149:10:149:Infinity":36,"s:150:10:150:Infinity":37,"s:154:18:154:89":38,"b:154:42:154:48:154:51:154:89":9,"b:154:51:154:63:154:67:154:83:154:87:154:89":10,"s:156:4:158:Infinity":39,"f:156:24:156:25":4,"s:157:6:157:85":40,"b:157:6:157:19:157:23:157:56:157:60:157:85":11,"s:160:4:160:Infinity":41,"s:161:4:161:Infinity":42,"f:168:16:168:29":5,"b:170:22:170:33":12,"s:172:2:204:Infinity":43,"f:172:23:172:24":6,"s:173:17:181:Infinity":44,"b:183:4:192:Infinity:undefined:undefined:undefined:undefined":13,"s:183:4:192:Infinity":45,"b:183:8:183:29:183:33:183:47":14,"s:184:6:191:Infinity":46,"b:189:20:189:37:189:41:189:50":15,"b:190:39:190:54:190:57:190:74":16,"s:194:4:203:Infinity":47,"b:199:35:199:53:199:56:199:74":17,"b:202:45:202:48:202:51:202:54":18}}}
,"/root/osmosis/packages/core/src/fitness/index.ts": {"path":"/root/osmosis/packages/core/src/fitness/index.ts","statementMap":{"0":{"start":{"line":19,"column":20},"end":{"line":19,"column":64}},"1":{"start":{"line":20,"column":16},"end":{"line":20,"column":49}},"2":{"start":{"line":21,"column":23},"end":{"line":21,"column":64}},"3":{"start":{"line":22,"column":23},"end":{"line":24,"column":8}},"4":{"start":{"line":25,"column":17},"end":{"line":25,"column":21}},"5":{"start":{"line":26,"column":24},"end":{"line":26,"column":56}},"6":{"start":{"line":28,"column":2},"end":{"line":28,"column":null}},"7":{"start":{"line":35,"column":16},"end":{"line":35,"column":30}},"8":{"start":{"line":37,"column":20},"end":{"line":37,"column":21}},"9":{"start":{"line":38,"column":2},"end":{"line":41,"column":null}},"10":{"start":{"line":39,"column":16},"end":{"line":39,"column":43}},"11":{"start":{"line":40,"column":4},"end":{"line":40,"column":null}},"12":{"start":{"line":40,"column":26},"end":{"line":40,"column":null}},"13":{"start":{"line":43,"column":14},"end":{"line":43,"column":24}},"14":{"start":{"line":44,"column":2},"end":{"line":55,"column":null}},"15":{"start":{"line":45,"column":14},"end":{"line":45,"column":25}},"16":{"start":{"line":46,"column":18},"end":{"line":52,"column":null}},"17":{"start":{"line":54,"column":4},"end":{"line":54,"column":null}},"18":{"start":{"line":19,"column":20},"end":{"line":19,"column":null}},"19":{"start":{"line":20,"column":16},"end":{"line":20,"column":null}},"20":{"start":{"line":21,"column":23},"end":{"line":21,"column":null}},"21":{"start":{"line":22,"column":23},"end":{"line":24,"column":null}},"22":{"start":{"line":25,"column":17},"end":{"line":25,"column":null}},"23":{"start":{"line":26,"column":24},"end":{"line":26,"column":null}},"24":{"start":{"line":35,"column":16},"end":{"line":35,"column":null}},"25":{"start":{"line":37,"column":20},"end":{"line":37,"column":null}},"26":{"start":{"line":39,"column":16},"end":{"line":39,"column":null}},"27":{"start":{"line":43,"column":14},"end":{"line":43,"column":null}},"28":{"start":{"line":45,"column":14},"end":{"line":45,"column":null}},"29":{"start":{"line":46,"column":18},"end":{"line":53,"column":null}}},"fnMap":{"0":{"name":"computeFitness","decl":{"start":{"line":11,"column":16},"end":{"line":11,"column":30}},"loc":{"start":{"line":17,"column":24},"end":{"line":29,"column":null}},"line":17},"1":{"name":"recalculateFitness","decl":{"start":{"line":34,"column":16},"end":{"line":34,"column":34}},"loc":{"start":{"line":34,"column":51},"end":{"line":56,"column":null}},"line":34},"2":{"name":"computeFitness","decl":{"start":{"line":11,"column":16},"end":{"line":11,"column":null}},"loc":{"start":{"line":18,"column":10},"end":{"line":29,"column":null}},"line":18},"3":{"name":"recalculateFitness","decl":{"start":{"line":34,"column":16},"end":{"line":34,"column":35}},"loc":{"start":{"line":34,"column":59},"end":{"line":56,"column":null}},"line":34}},"branchMap":{"0":{"loc":{"start":{"line":17,"column":2},"end":{"line":17,"column":24}},"type":"default-arg","locations":[{"start":{"line":17,"column":14},"end":{"line":17,"column":24}}],"line":17},"1":{"loc":{"start":{"line":19,"column":20},"end":{"line":19,"column":64}},"type":"cond-expr","locations":[{"start":{"line":19,"column":38},"end":{"line":19,"column":60}},{"start":{"line":19,"column":63},"end":{"line":19,"column":64}}],"line":19},"2":{"loc":{"start":{"line":21,"column":23},"end":{"line":21,"column":64}},"type":"cond-expr","locations":[{"start":{"line":21,"column":35},"end":{"line":21,"column":58}},{"start":{"line":21,"column":61},"end":{"line":21,"column":64}}],"line":21},"3":{"loc":{"start":{"line":22,"column":23},"end":{"line":24,"column":8}},"type":"cond-expr","locations":[{"start":{"line":23,"column":6},"end":{"line":23,"column":null}},{"start":{"line":24,"column":6},"end":{"line":24,"column":8}}],"line":22},"4":{"loc":{"start":{"line":39,"column":16},"end":{"line":39,"column":43}},"type":"binary-expr","locations":[{"start":{"line":39,"column":16},"end":{"line":39,"column":38}},{"start":{"line":39,"column":42},"end":{"line":39,"column":43}}],"line":39},"5":{"loc":{"start":{"line":40,"column":4},"end":{"line":40,"column":null}},"type":"if","locations":[{"start":{"line":40,"column":4},"end":{"line":40,"column":null}},{"start":{},"end":{}}],"line":40},"6":{"loc":{"start":{"line":47,"column":6},"end":{"line":47,"column":22}},"type":"binary-expr","locations":[{"start":{"line":47,"column":6},"end":{"line":47,"column":17}},{"start":{"line":47,"column":21},"end":{"line":47,"column":22}}],"line":47},"7":{"loc":{"start":{"line":48,"column":6},"end":{"line":48,"column":30}},"type":"binary-expr","locations":[{"start":{"line":48,"column":6},"end":{"line":48,"column":25}},{"start":{"line":48,"column":29},"end":{"line":48,"column":30}}],"line":48},"8":{"loc":{"start":{"line":49,"column":6},"end":{"line":49,"column":30}},"type":"binary-expr","locations":[{"start":{"line":49,"column":6},"end":{"line":49,"column":25}},{"start":{"line":49,"column":29},"end":{"line":49,"column":30}}],"line":49},"9":{"loc":{"start":{"line":50,"column":6},"end":{"line":50,"column":25}},"type":"binary-expr","locations":[{"start":{"line":50,"column":6},"end":{"line":50,"column":17}},{"start":{"line":50,"column":21},"end":{"line":50,"column":25}}],"line":50},"10":{"loc":{"start":{"line":17,"column":2},"end":{"line":17,"column":null}},"type":"default-arg","locations":[{"start":{"line":17,"column":14},"end":{"line":17,"column":null}}],"line":17},"11":{"loc":{"start":{"line":19,"column":20},"end":{"line":19,"column":null}},"type":"cond-expr","locations":[{"start":{"line":19,"column":38},"end":{"line":19,"column":63}},{"start":{"line":19,"column":63},"end":{"line":19,"column":null}}],"line":19},"12":{"loc":{"start":{"line":21,"column":23},"end":{"line":21,"column":null}},"type":"cond-expr","locations":[{"start":{"line":21,"column":35},"end":{"line":21,"column":61}},{"start":{"line":21,"column":61},"end":{"line":21,"column":null}}],"line":21},"13":{"loc":{"start":{"line":39,"column":16},"end":{"line":39,"column":null}},"type":"binary-expr","locations":[{"start":{"line":39,"column":16},"end":{"line":39,"column":42}},{"start":{"line":39,"column":42},"end":{"line":39,"column":null}}],"line":39},"14":{"loc":{"start":{"line":47,"column":6},"end":{"line":47,"column":null}},"type":"binary-expr","locations":[{"start":{"line":47,"column":6},"end":{"line":47,"column":21}},{"start":{"line":47,"column":21},"end":{"line":47,"column":null}}],"line":47},"15":{"loc":{"start":{"line":48,"column":6},"end":{"line":48,"column":null}},"type":"binary-expr","locations":[{"start":{"line":48,"column":6},"end":{"line":48,"column":29}},{"start":{"line":48,"column":29},"end":{"line":48,"column":null}}],"line":48},"16":{"loc":{"start":{"line":49,"column":6},"end":{"line":49,"column":null}},"type":"binary-expr","locations":[{"start":{"line":49,"column":6},"end":{"line":49,"column":29}},{"start":{"line":49,"column":29},"end":{"line":49,"column":null}}],"line":49},"17":{"loc":{"start":{"line":50,"column":6},"end":{"line":50,"column":null}},"type":"binary-expr","locations":[{"start":{"line":50,"column":6},"end":{"line":50,"column":21}},{"start":{"line":50,"column":21},"end":{"line":50,"column":null}}],"line":50}},"s":{"0":6,"1":6,"2":6,"3":6,"4":6,"5":6,"6":6,"7":1,"8":1,"9":1,"10":1,"11":1,"12":1,"13":1,"14":1,"15":1,"16":1,"17":1,"18":6,"19":6,"20":6,"21":6,"22":6,"23":6,"24":1,"25":1,"26":1,"27":1,"28":1,"29":1},"f":{"0":0,"1":0,"2":6,"3":1},"b":{"0":[6],"1":[6,0],"2":[5,1],"3":[5,1],"4":[1,0],"5":[1,0],"6":[1,0],"7":[1,0],"8":[1,0],"9":[1,0],"10":[6],"11":[6,0],"12":[5,1],"13":[1,0],"14":[1,0],"15":[1,0],"16":[1,0],"17":[1,0]},"meta":{"lastBranch":10,"lastFunction":2,"lastStatement":18,"seen":{"f:11:16:11:30":0,"b:17:14:17:24":0,"s:19:20:19:64":0,"b:19:38:19:60:19:63:19:64":1,"s:20:16:20:49":1,"s:21:23:21:64":2,"b:21:35:21:58:21:61:21:64":2,"s:22:23:24:8":3,"b:23:6:23:Infinity:24:6:24:8":3,"s:25:17:25:21":4,"s:26:24:26:56":5,"s:28:2:28:Infinity":6,"f:34:16:34:34":1,"s:35:16:35:30":7,"s:37:20:37:21":8,"s:38:2:41:Infinity":9,"s:39:16:39:43":10,"b:39:16:39:38:39:42:39:43":4,"b:40:4:40:Infinity:undefined:undefined:undefined:undefined":5,"s:40:4:40:Infinity":11,"s:40:26:40:Infinity":12,"s:43:14:43:24":13,"s:44:2:55:Infinity":14,"s:45:14:45:25":15,"s:46:18:52:Infinity":16,"b:47:6:47:17:47:21:47:22":6,"b:48:6:48:25:48:29:48:30":7,"b:49:6:49:25:49:29:49:30":8,"b:50:6:50:17:50:21:50:25":9,"s:54:4:54:Infinity":17}}}
,"/root/osmosis/packages/core/src/retrieval/index.ts": {"path":"/root/osmosis/packages/core/src/retrieval/index.ts","statementMap":{"0":{"start":{"line":9,"column":14},"end":{"line":9,"column":30}},"1":{"start":{"line":12,"column":2},"end":{"line":23,"column":null}},"2":{"start":{"line":13,"column":4},"end":{"line":17,"column":null}},"3":{"start":{"line":19,"column":4},"end":{"line":19,"column":null}},"4":{"start":{"line":22,"column":4},"end":{"line":22,"column":null}},"5":{"start":{"line":25,"column":2},"end":{"line":43,"column":null}},"6":{"start":{"line":27,"column":20},"end":{"line":27,"column":57}},"7":{"start":{"line":28,"column":4},"end":{"line":28,"column":null}},"8":{"start":{"line":28,"column":18},"end":{"line":28,"column":null}},"9":{"start":{"line":30,"column":17},"end":{"line":37,"column":66}},"10":{"start":{"line":39,"column":4},"end":{"line":39,"column":null}},"11":{"start":{"line":39,"column":43},"end":{"line":39,"column":47}},"12":{"start":{"line":42,"column":4},"end":{"line":42,"column":null}},"13":{"start":{"line":50,"column":14},"end":{"line":50,"column":30}},"14":{"start":{"line":52,"column":2},"end":{"line":56,"column":null}},"15":{"start":{"line":53,"column":4},"end":{"line":55,"column":null}},"16":{"start":{"line":58,"column":2},"end":{"line":60,"column":null}},"17":{"start":{"line":9,"column":14},"end":{"line":9,"column":null}},"18":{"start":{"line":27,"column":20},"end":{"line":27,"column":null}},"19":{"start":{"line":30,"column":17},"end":{"line":37,"column":null}},"20":{"start":{"line":50,"column":14},"end":{"line":50,"column":null}}},"fnMap":{"0":{"name":"searchAtoms","decl":{"start":{"line":8,"column":16},"end":{"line":8,"column":27}},"loc":{"start":{"line":8,"column":79},"end":{"line":44,"column":null}},"line":8},"1":{"name":"(anonymous_1)","decl":{"start":{"line":39,"column":20},"end":{"line":39,"column":21}},"loc":{"start":{"line":39,"column":43},"end":{"line":39,"column":47}},"line":39},"2":{"name":"getTopAtoms","decl":{"start":{"line":49,"column":16},"end":{"line":49,"column":27}},"loc":{"start":{"line":49,"column":81},"end":{"line":61,"column":null}},"line":49},"3":{"name":"searchAtoms","decl":{"start":{"line":8,"column":16},"end":{"line":8,"column":28}},"loc":{"start":{"line":8,"column":98},"end":{"line":44,"column":null}},"line":8},"4":{"name":"getTopAtoms","decl":{"start":{"line":49,"column":16},"end":{"line":49,"column":28}},"loc":{"start":{"line":49,"column":100},"end":{"line":61,"column":null}},"line":49}},"branchMap":{"0":{"loc":{"start":{"line":8,"column":61},"end":{"line":8,"column":79}},"type":"default-arg","locations":[{"start":{"line":8,"column":77},"end":{"line":8,"column":79}}],"line":8},"1":{"loc":{"start":{"line":28,"column":4},"end":{"line":28,"column":null}},"type":"if","locations":[{"start":{"line":28,"column":4},"end":{"line":28,"column":null}},{"start":{},"end":{}}],"line":28},"2":{"loc":{"start":{"line":49,"column":63},"end":{"line":49,"column":81}},"type":"default-arg","locations":[{"start":{"line":49,"column":79},"end":{"line":49,"column":81}}],"line":49},"3":{"loc":{"start":{"line":52,"column":2},"end":{"line":56,"column":null}},"type":"if","locations":[{"start":{"line":52,"column":2},"end":{"line":56,"column":null}},{"start":{},"end":{}}],"line":52},"4":{"loc":{"start":{"line":8,"column":61},"end":{"line":8,"column":98}},"type":"default-arg","locations":[{"start":{"line":8,"column":77},"end":{"line":8,"column":98}}],"line":8},"5":{"loc":{"start":{"line":49,"column":63},"end":{"line":49,"column":100}},"type":"default-arg","locations":[{"start":{"line":49,"column":79},"end":{"line":49,"column":100}}],"line":49}},"s":{"0":11,"1":11,"2":11,"3":11,"4":0,"5":11,"6":11,"7":11,"8":0,"9":11,"10":11,"11":6,"12":0,"13":10,"14":10,"15":1,"16":9,"17":4,"18":11,"19":11,"20":3},"f":{"0":7,"1":6,"2":7,"3":11,"4":10},"b":{"0":[11],"1":[0,11],"2":[10],"3":[1,9],"4":[4],"5":[3]},"meta":{"lastBranch":4,"lastFunction":3,"lastStatement":17,"seen":{"f:8:16:8:27":0,"b:8:77:8:79":0,"s:9:14:9:30":0,"s:12:2:23:Infinity":1,"s:13:4:17:Infinity":2,"s:19:4:19:Infinity":3,"s:22:4:22:Infinity":4,"s:25:2:43:Infinity":5,"s:27:20:27:57":6,"b:28:4:28:Infinity:undefined:undefined:undefined:undefined":1,"s:28:4:28:Infinity":7,"s:28:18:28:Infinity":8,"s:30:17:37:66":9,"s:39:4:39:Infinity":10,"f:39:20:39:21":1,"s:39:43:39:47":11,"s:42:4:42:Infinity":12,"f:49:16:49:27":2,"b:49:79:49:81":2,"s:50:14:50:30":13,"b:52:2:56:Infinity:undefined:undefined:undefined:undefined":3,"s:52:2:56:Infinity":14,"s:53:4:55:Infinity":15,"s:58:2:60:Infinity":16}}}
,"/root/osmosis/packages/core/src/seeds/index.ts": {"path":"/root/osmosis/packages/core/src/seeds/index.ts","statementMap":{"0":{"start":{"line":8,"column":2},"end":{"line":15,"column":null}},"1":{"start":{"line":18,"column":2},"end":{"line":25,"column":null}},"2":{"start":{"line":28,"column":2},"end":{"line":35,"column":null}},"3":{"start":{"line":38,"column":2},"end":{"line":45,"column":null}},"4":{"start":{"line":48,"column":2},"end":{"line":55,"column":null}},"5":{"start":{"line":58,"column":2},"end":{"line":65,"column":null}},"6":{"start":{"line":68,"column":2},"end":{"line":73,"column":null}},"7":{"start":{"line":76,"column":2},"end":{"line":81,"column":null}},"8":{"start":{"line":84,"column":2},"end":{"line":91,"column":null}},"9":{"start":{"line":94,"column":2},"end":{"line":99,"column":null}},"10":{"start":{"line":102,"column":2},"end":{"line":109,"column":null}},"11":{"start":{"line":112,"column":2},"end":{"line":119,"column":null}},"12":{"start":{"line":122,"column":2},"end":{"line":129,"column":null}},"13":{"start":{"line":132,"column":2},"end":{"line":137,"column":null}},"14":{"start":{"line":140,"column":2},"end":{"line":145,"column":null}}},"fnMap":{"0":{"name":"seedAtoms","decl":{"start":{"line":6,"column":16},"end":{"line":6,"column":25}},"loc":{"start":{"line":6,"column":42},"end":{"line":146,"column":null}},"line":6}},"branchMap":{},"s":{"0":2,"1":2,"2":2,"3":2,"4":2,"5":2,"6":2,"7":2,"8":2,"9":2,"10":2,"11":2,"12":2,"13":2,"14":2},"f":{"0":2},"b":{},"meta":{"lastBranch":0,"lastFunction":1,"lastStatement":15,"seen":{"f:6:16:6:25":0,"s:8:2:15:Infinity":0,"s:18:2:25:Infinity":1,"s:28:2:35:Infinity":2,"s:38:2:45:Infinity":3,"s:48:2:55:Infinity":4,"s:58:2:65:Infinity":5,"s:68:2:73:Infinity":6,"s:76:2:81:Infinity":7,"s:84:2:91:Infinity":8,"s:94:2:99:Infinity":9,"s:102:2:109:Infinity":10,"s:112:2:119:Infinity":11,"s:122:2:129:Infinity":12,"s:132:2:137:Infinity":13,"s:140:2:145:Infinity":14}}}
,"/root/osmosis/packages/core/src/store/index.ts": {"path":"/root/osmosis/packages/core/src/store/index.ts","statementMap":{"0":{"start":{"line":6,"column":19},"end":{"line":47,"column":null}},"1":{"start":{"line":50,"column":19},"end":{"line":56,"column":null}},"2":{"start":{"line":62,"column":18},"end":{"line":71,"column":3}},"3":{"start":{"line":63,"column":18},"end":{"line":63,"column":62}},"4":{"start":{"line":64,"column":16},"end":{"line":64,"column":33}},"5":{"start":{"line":65,"column":4},"end":{"line":67,"column":null}},"6":{"start":{"line":65,"column":17},"end":{"line":65,"column":18}},"7":{"start":{"line":66,"column":6},"end":{"line":66,"column":null}},"8":{"start":{"line":69,"column":4},"end":{"line":69,"column":null}},"9":{"start":{"line":69,"column":27},"end":{"line":69,"column":null}},"10":{"start":{"line":70,"column":4},"end":{"line":70,"column":null}},"11":{"start":{"line":72,"column":15},"end":{"line":72,"column":25}},"12":{"start":{"line":73,"column":15},"end":{"line":73,"column":25}},"13":{"start":{"line":74,"column":2},"end":{"line":74,"column":null}},"14":{"start":{"line":74,"column":42},"end":{"line":74,"column":null}},"15":{"start":{"line":75,"column":21},"end":{"line":75,"column":22}},"16":{"start":{"line":76,"column":2},"end":{"line":76,"column":null}},"17":{"start":{"line":76,"column":24},"end":{"line":76,"column":null}},"18":{"start":{"line":76,"column":41},"end":{"line":76,"column":null}},"19":{"start":{"line":77,"column":16},"end":{"line":77,"column":52}},"20":{"start":{"line":78,"column":2},"end":{"line":78,"column":null}},"21":{"start":{"line":85,"column":4},"end":{"line":85,"column":null}},"22":{"start":{"line":86,"column":4},"end":{"line":86,"column":null}},"23":{"start":{"line":87,"column":4},"end":{"line":87,"column":null}},"24":{"start":{"line":92,"column":4},"end":{"line":92,"column":null}},"25":{"start":{"line":94,"column":4},"end":{"line":96,"column":null}},"26":{"start":{"line":95,"column":6},"end":{"line":95,"column":null}},"27":{"start":{"line":95,"column":12},"end":{"line":95,"column":31}},"28":{"start":{"line":101,"column":16},"end":{"line":101,"column":29}},"29":{"start":{"line":102,"column":4},"end":{"line":102,"column":null}},"30":{"start":{"line":102,"column":27},"end":{"line":102,"column":85}},"31":{"start":{"line":107,"column":4},"end":{"line":107,"column":null}},"32":{"start":{"line":109,"column":20},"end":{"line":109,"column":59}},"33":{"start":{"line":110,"column":4},"end":{"line":114,"column":null}},"34":{"start":{"line":111,"column":19},"end":{"line":111,"column":30}},"35":{"start":{"line":112,"column":6},"end":{"line":112,"column":null}},"36":{"start":{"line":113,"column":6},"end":{"line":113,"column":null}},"37":{"start":{"line":116,"column":16},"end":{"line":116,"column":40}},"38":{"start":{"line":117,"column":32},"end":{"line":117,"column":95}},"39":{"start":{"line":118,"column":4},"end":{"line":123,"column":null}},"40":{"start":{"line":124,"column":4},"end":{"line":124,"column":null}},"41":{"start":{"line":129,"column":4},"end":{"line":129,"column":null}},"42":{"start":{"line":133,"column":23},"end":{"line":135,"column":10}},"43":{"start":{"line":134,"column":58},"end":{"line":134,"column":92}},"44":{"start":{"line":136,"column":20},"end":{"line":136,"column":102}},"45":{"start":{"line":136,"column":43},"end":{"line":136,"column":101}},"46":{"start":{"line":138,"column":4},"end":{"line":142,"column":null}},"47":{"start":{"line":139,"column":19},"end":{"line":139,"column":30}},"48":{"start":{"line":140,"column":6},"end":{"line":140,"column":null}},"49":{"start":{"line":141,"column":6},"end":{"line":141,"column":null}},"50":{"start":{"line":144,"column":16},"end":{"line":144,"column":40}},"51":{"start":{"line":145,"column":27},"end":{"line":145,"column":90}},"52":{"start":{"line":146,"column":4},"end":{"line":153,"column":null}},"53":{"start":{"line":154,"column":4},"end":{"line":154,"column":null}},"54":{"start":{"line":159,"column":4},"end":{"line":159,"column":null}},"55":{"start":{"line":160,"column":20},"end":{"line":160,"column":59}},"56":{"start":{"line":161,"column":4},"end":{"line":165,"column":null}},"57":{"start":{"line":162,"column":19},"end":{"line":162,"column":30}},"58":{"start":{"line":163,"column":6},"end":{"line":163,"column":null}},"59":{"start":{"line":164,"column":6},"end":{"line":164,"column":null}},"60":{"start":{"line":167,"column":16},"end":{"line":167,"column":40}},"61":{"start":{"line":168,"column":31},"end":{"line":168,"column":94}},"62":{"start":{"line":169,"column":4},"end":{"line":176,"column":null}},"63":{"start":{"line":177,"column":4},"end":{"line":177,"column":null}},"64":{"start":{"line":182,"column":4},"end":{"line":189,"column":null}},"65":{"start":{"line":194,"column":16},"end":{"line":194,"column":104}},"66":{"start":{"line":195,"column":4},"end":{"line":195,"column":null}},"67":{"start":{"line":200,"column":4},"end":{"line":200,"column":null}},"68":{"start":{"line":205,"column":4},"end":{"line":205,"column":null}},"69":{"start":{"line":210,"column":4},"end":{"line":210,"column":null}},"70":{"start":{"line":215,"column":4},"end":{"line":216,"column":null}},"71":{"start":{"line":221,"column":4},"end":{"line":222,"column":null}},"72":{"start":{"line":227,"column":16},"end":{"line":227,"column":67}},"73":{"start":{"line":228,"column":4},"end":{"line":231,"column":null}},"74":{"start":{"line":236,"column":19},"end":{"line":238,"column":35}},"75":{"start":{"line":239,"column":4},"end":{"line":239,"column":null}},"76":{"start":{"line":244,"column":19},"end":{"line":244,"column":76}},"77":{"start":{"line":245,"column":4},"end":{"line":245,"column":null}},"78":{"start":{"line":250,"column":4},"end":{"line":250,"column":null}},"79":{"start":{"line":255,"column":4},"end":{"line":255,"column":null}},"80":{"start":{"line":6,"column":19},"end":{"line":6,"column":null}},"81":{"start":{"line":62,"column":18},"end":{"line":71,"column":null}},"82":{"start":{"line":63,"column":18},"end":{"line":63,"column":null}},"83":{"start":{"line":64,"column":16},"end":{"line":64,"column":null}},"84":{"start":{"line":65,"column":17},"end":{"line":65,"column":20}},"85":{"start":{"line":72,"column":15},"end":{"line":72,"column":null}},"86":{"start":{"line":73,"column":15},"end":{"line":73,"column":null}},"87":{"start":{"line":75,"column":21},"end":{"line":75,"column":null}},"88":{"start":{"line":77,"column":16},"end":{"line":77,"column":null}},"89":{"start":{"line":101,"column":16},"end":{"line":101,"column":null}},"90":{"start":{"line":109,"column":20},"end":{"line":109,"column":null}},"91":{"start":{"line":111,"column":19},"end":{"line":111,"column":null}},"92":{"start":{"line":116,"column":10},"end":{"line":116,"column":null}},"93":{"start":{"line":117,"column":32},"end":{"line":117,"column":null}},"94":{"start":{"line":133,"column":23},"end":{"line":135,"column":null}},"95":{"start":{"line":136,"column":20},"end":{"line":136,"column":null}},"96":{"start":{"line":139,"column":19},"end":{"line":139,"column":null}},"97":{"start":{"line":144,"column":10},"end":{"line":144,"column":null}},"98":{"start":{"line":145,"column":27},"end":{"line":145,"column":null}},"99":{"start":{"line":160,"column":20},"end":{"line":160,"column":null}},"100":{"start":{"line":162,"column":19},"end":{"line":162,"column":null}},"101":{"start":{"line":167,"column":10},"end":{"line":167,"column":null}},"102":{"start":{"line":168,"column":31},"end":{"line":168,"column":null}},"103":{"start":{"line":194,"column":16},"end":{"line":194,"column":null}},"104":{"start":{"line":227,"column":16},"end":{"line":227,"column":null}},"105":{"start":{"line":236,"column":19},"end":{"line":238,"column":null}},"106":{"start":{"line":244,"column":19},"end":{"line":244,"column":null}}},"fnMap":{"0":{"name":"jaccardSimilarity","decl":{"start":{"line":61,"column":16},"end":{"line":61,"column":33}},"loc":{"start":{"line":61,"column":54},"end":{"line":79,"column":null}},"line":61},"1":{"name":"(anonymous_1)","decl":{"start":{"line":62,"column":18},"end":{"line":62,"column":19}},"loc":{"start":{"line":62,"column":45},"end":{"line":71,"column":3}},"line":62},"2":{"name":"(anonymous_2)","decl":{"start":{"line":84,"column":2},"end":{"line":84,"column":14}},"loc":{"start":{"line":84,"column":41},"end":{"line":88,"column":null}},"line":84},"3":{"name":"(anonymous_3)","decl":{"start":{"line":91,"column":2},"end":{"line":91,"column":9}},"loc":{"start":{"line":91,"column":9},"end":{"line":97,"column":null}},"line":91},"4":{"name":"(anonymous_4)","decl":{"start":{"line":100,"column":2},"end":{"line":100,"column":13}},"loc":{"start":{"line":100,"column":58},"end":{"line":103,"column":null}},"line":100},"5":{"name":"(anonymous_5)","decl":{"start":{"line":102,"column":22},"end":{"line":102,"column":23}},"loc":{"start":{"line":102,"column":27},"end":{"line":102,"column":85}},"line":102},"6":{"name":"(anonymous_6)","decl":{"start":{"line":106,"column":2},"end":{"line":106,"column":12}},"loc":{"start":{"line":106,"column":29},"end":{"line":125,"column":null}},"line":106},"7":{"name":"(anonymous_7)","decl":{"start":{"line":128,"column":2},"end":{"line":128,"column":16}},"loc":{"start":{"line":128,"column":37},"end":{"line":155,"column":null}},"line":128},"8":{"name":"(anonymous_8)","decl":{"start":{"line":134,"column":52},"end":{"line":134,"column":53}},"loc":{"start":{"line":134,"column":58},"end":{"line":134,"column":92}},"line":134},"9":{"name":"(anonymous_9)","decl":{"start":{"line":136,"column":38},"end":{"line":136,"column":39}},"loc":{"start":{"line":136,"column":43},"end":{"line":136,"column":101}},"line":136},"10":{"name":"(anonymous_10)","decl":{"start":{"line":158,"column":2},"end":{"line":158,"column":20}},"loc":{"start":{"line":158,"column":45},"end":{"line":178,"column":null}},"line":158},"11":{"name":"(anonymous_11)","decl":{"start":{"line":181,"column":10},"end":{"line":181,"column":20}},"loc":{"start":{"line":181,"column":82},"end":{"line":190,"column":null}},"line":181},"12":{"name":"(anonymous_12)","decl":{"start":{"line":193,"column":2},"end":{"line":193,"column":9}},"loc":{"start":{"line":193,"column":20},"end":{"line":196,"column":null}},"line":193},"13":{"name":"(anonymous_13)","decl":{"start":{"line":199,"column":2},"end":{"line":199,"column":13}},"loc":{"start":{"line":199,"column":28},"end":{"line":201,"column":null}},"line":199},"14":{"name":"(anonymous_14)","decl":{"start":{"line":204,"column":2},"end":{"line":204,"column":17}},"loc":{"start":{"line":204,"column":34},"end":{"line":206,"column":null}},"line":204},"15":{"name":"(anonymous_15)","decl":{"start":{"line":209,"column":2},"end":{"line":209,"column":19}},"loc":{"start":{"line":209,"column":37},"end":{"line":211,"column":null}},"line":209},"16":{"name":"(anonymous_16)","decl":{"start":{"line":214,"column":2},"end":{"line":214,"column":8}},"loc":{"start":{"line":214,"column":22},"end":{"line":217,"column":null}},"line":214},"17":{"name":"(anonymous_17)","decl":{"start":{"line":220,"column":2},"end":{"line":220,"column":20}},"loc":{"start":{"line":220,"column":49},"end":{"line":223,"column":null}},"line":220},"18":{"name":"(anonymous_18)","decl":{"start":{"line":226,"column":2},"end":{"line":226,"column":13}},"loc":{"start":{"line":226,"column":42},"end":{"line":232,"column":null}},"line":226},"19":{"name":"(anonymous_19)","decl":{"start":{"line":235,"column":2},"end":{"line":235,"column":12}},"loc":{"start":{"line":235,"column":12},"end":{"line":240,"column":null}},"line":235},"20":{"name":"(anonymous_20)","decl":{"start":{"line":243,"column":2},"end":{"line":243,"column":12}},"loc":{"start":{"line":243,"column":23},"end":{"line":246,"column":null}},"line":243},"21":{"name":"(anonymous_21)","decl":{"start":{"line":249,"column":2},"end":{"line":249,"column":8}},"loc":{"start":{"line":249,"column":8},"end":{"line":251,"column":null}},"line":249},"22":{"name":"(anonymous_22)","decl":{"start":{"line":254,"column":2},"end":{"line":254,"column":7}},"loc":{"start":{"line":254,"column":7},"end":{"line":256,"column":null}},"line":254},"23":{"name":"jaccardSimilarity","decl":{"start":{"line":61,"column":16},"end":{"line":61,"column":34}},"loc":{"start":{"line":61,"column":64},"end":{"line":79,"column":null}},"line":61},"24":{"name":"(anonymous_1)","decl":{"start":{"line":62,"column":18},"end":{"line":62,"column":19}},"loc":{"start":{"line":62,"column":46},"end":{"line":71,"column":null}},"line":62},"25":{"name":"(anonymous_2)","decl":{"start":{"line":84,"column":2},"end":{"line":84,"column":14}},"loc":{"start":{"line":84,"column":43},"end":{"line":88,"column":null}},"line":84},"26":{"name":"(anonymous_3)","decl":{"start":{"line":91,"column":2},"end":{"line":91,"column":18}},"loc":{"start":{"line":91,"column":18},"end":{"line":97,"column":null}},"line":91},"27":{"name":"(anonymous_4)","decl":{"start":{"line":100,"column":2},"end":{"line":100,"column":14}},"loc":{"start":{"line":100,"column":77},"end":{"line":103,"column":null}},"line":100},"28":{"name":"(anonymous_6)","decl":{"start":{"line":106,"column":2},"end":{"line":106,"column":13}},"loc":{"start":{"line":106,"column":46},"end":{"line":125,"column":null}},"line":106},"29":{"name":"(anonymous_7)","decl":{"start":{"line":128,"column":2},"end":{"line":128,"column":17}},"loc":{"start":{"line":128,"column":49},"end":{"line":155,"column":null}},"line":128},"30":{"name":"(anonymous_10)","decl":{"start":{"line":158,"column":2},"end":{"line":158,"column":21}},"loc":{"start":{"line":158,"column":61},"end":{"line":178,"column":null}},"line":158},"31":{"name":"(anonymous_11)","decl":{"start":{"line":181,"column":10},"end":{"line":181,"column":21}},"loc":{"start":{"line":181,"column":90},"end":{"line":190,"column":null}},"line":181},"32":{"name":"(anonymous_12)","decl":{"start":{"line":193,"column":2},"end":{"line":193,"column":10}},"loc":{"start":{"line":193,"column":44},"end":{"line":196,"column":null}},"line":193},"33":{"name":"(anonymous_13)","decl":{"start":{"line":199,"column":2},"end":{"line":199,"column":14}},"loc":{"start":{"line":199,"column":47},"end":{"line":201,"column":null}},"line":199},"34":{"name":"(anonymous_14)","decl":{"start":{"line":204,"column":2},"end":{"line":204,"column":18}},"loc":{"start":{"line":204,"column":48},"end":{"line":206,"column":null}},"line":204},"35":{"name":"(anonymous_15)","decl":{"start":{"line":209,"column":2},"end":{"line":209,"column":20}},"loc":{"start":{"line":209,"column":56},"end":{"line":211,"column":null}},"line":209},"36":{"name":"(anonymous_16)","decl":{"start":{"line":214,"column":2},"end":{"line":214,"column":9}},"loc":{"start":{"line":214,"column":41},"end":{"line":217,"column":null}},"line":214},"37":{"name":"(anonymous_17)","decl":{"start":{"line":220,"column":2},"end":{"line":220,"column":21}},"loc":{"start":{"line":220,"column":57},"end":{"line":223,"column":null}},"line":220},"38":{"name":"(anonymous_18)","decl":{"start":{"line":226,"column":2},"end":{"line":226,"column":14}},"loc":{"start":{"line":226,"column":50},"end":{"line":232,"column":null}},"line":226},"39":{"name":"(anonymous_19)","decl":{"start":{"line":235,"column":2},"end":{"line":235,"column":23}},"loc":{"start":{"line":235,"column":23},"end":{"line":240,"column":null}},"line":235},"40":{"name":"(anonymous_20)","decl":{"start":{"line":243,"column":2},"end":{"line":243,"column":13}},"loc":{"start":{"line":243,"column":34},"end":{"line":246,"column":null}},"line":243},"41":{"name":"(anonymous_21)","decl":{"start":{"line":249,"column":2},"end":{"line":249,"column":28}},"loc":{"start":{"line":249,"column":28},"end":{"line":251,"column":null}},"line":249},"42":{"name":"(anonymous_22)","decl":{"start":{"line":254,"column":2},"end":{"line":254,"column":16}},"loc":{"start":{"line":254,"column":16},"end":{"line":256,"column":null}},"line":254}},"branchMap":{"0":{"loc":{"start":{"line":74,"column":2},"end":{"line":74,"column":null}},"type":"if","locations":[{"start":{"line":74,"column":2},"end":{"line":74,"column":null}},{"start":{},"end":{}}],"line":74},"1":{"loc":{"start":{"line":74,"column":6},"end":{"line":74,"column":40}},"type":"binary-expr","locations":[{"start":{"line":74,"column":6},"end":{"line":74,"column":21}},{"start":{"line":74,"column":25},"end":{"line":74,"column":40}}],"line":74},"2":{"loc":{"start":{"line":76,"column":24},"end":{"line":76,"column":null}},"type":"if","locations":[{"start":{"line":76,"column":24},"end":{"line":76,"column":null}},{"start":{},"end":{}}],"line":76},"3":{"loc":{"start":{"line":78,"column":9},"end":{"line":78,"column":47}},"type":"cond-expr","locations":[{"start":{"line":78,"column":23},"end":{"line":78,"column":24}},{"start":{"line":78,"column":27},"end":{"line":78,"column":47}}],"line":78},"4":{"loc":{"start":{"line":84,"column":14},"end":{"line":84,"column":41}},"type":"default-arg","locations":[{"start":{"line":84,"column":31},"end":{"line":84,"column":41}}],"line":84},"5":{"loc":{"start":{"line":100,"column":35},"end":{"line":100,"column":58}},"type":"default-arg","locations":[{"start":{"line":100,"column":55},"end":{"line":100,"column":58}}],"line":100},"6":{"loc":{"start":{"line":110,"column":4},"end":{"line":114,"column":null}},"type":"if","locations":[{"start":{"line":110,"column":4},"end":{"line":114,"column":null}},{"start":{},"end":{}}],"line":110},"7":{"loc":{"start":{"line":133,"column":23},"end":{"line":135,"column":10}},"type":"cond-expr","locations":[{"start":{"line":134,"column":8},"end":{"line":134,"column":null}},{"start":{"line":135,"column":8},"end":{"line":135,"column":10}}],"line":133},"8":{"loc":{"start":{"line":138,"column":4},"end":{"line":142,"column":null}},"type":"if","locations":[{"start":{"line":138,"column":4},"end":{"line":142,"column":null}},{"start":{},"end":{}}],"line":138},"9":{"loc":{"start":{"line":161,"column":4},"end":{"line":165,"column":null}},"type":"if","locations":[{"start":{"line":161,"column":4},"end":{"line":165,"column":null}},{"start":{},"end":{}}],"line":161},"10":{"loc":{"start":{"line":195,"column":11},"end":{"line":195,"column":22}},"type":"binary-expr","locations":[{"start":{"line":195,"column":11},"end":{"line":195,"column":14}},{"start":{"line":195,"column":18},"end":{"line":195,"column":22}}],"line":195},"11":{"loc":{"start":{"line":227,"column":16},"end":{"line":227,"column":67}},"type":"cond-expr","locations":[{"start":{"line":227,"column":26},"end":{"line":227,"column":45}},{"start":{"line":227,"column":48},"end":{"line":227,"column":67}}],"line":227},"12":{"loc":{"start":{"line":74,"column":6},"end":{"line":74,"column":42}},"type":"binary-expr","locations":[{"start":{"line":74,"column":6},"end":{"line":74,"column":25}},{"start":{"line":74,"column":25},"end":{"line":74,"column":42}}],"line":74},"13":{"loc":{"start":{"line":78,"column":9},"end":{"line":78,"column":null}},"type":"cond-expr","locations":[{"start":{"line":78,"column":23},"end":{"line":78,"column":27}},{"start":{"line":78,"column":27},"end":{"line":78,"column":null}}],"line":78},"14":{"loc":{"start":{"line":84,"column":14},"end":{"line":84,"column":43}},"type":"default-arg","locations":[{"start":{"line":84,"column":31},"end":{"line":84,"column":43}}],"line":84},"15":{"loc":{"start":{"line":100,"column":35},"end":{"line":100,"column":77}},"type":"default-arg","locations":[{"start":{"line":100,"column":55},"end":{"line":100,"column":77}}],"line":100},"16":{"loc":{"start":{"line":195,"column":11},"end":{"line":195,"column":null}},"type":"binary-expr","locations":[{"start":{"line":195,"column":11},"end":{"line":195,"column":18}},{"start":{"line":195,"column":18},"end":{"line":195,"column":null}}],"line":195},"17":{"loc":{"start":{"line":227,"column":16},"end":{"line":227,"column":null}},"type":"cond-expr","locations":[{"start":{"line":227,"column":26},"end":{"line":227,"column":48}},{"start":{"line":227,"column":48},"end":{"line":227,"column":null}}],"line":227}},"s":{"0":6,"1":11,"2":173,"3":346,"4":346,"5":346,"6":346,"7":5087,"8":346,"9":5431,"10":346,"11":173,"12":173,"13":173,"14":1,"15":172,"16":172,"17":5222,"18":397,"19":172,"20":172,"21":105,"22":105,"23":105,"24":105,"25":105,"26":525,"27":525,"28":49,"29":49,"30":146,"31":46,"32":46,"33":46,"34":1,"35":1,"36":1,"37":40,"38":40,"39":40,"40":40,"41":136,"42":136,"43":25,"44":136,"45":23,"46":136,"47":23,"48":23,"49":23,"50":112,"51":112,"52":112,"53":112,"54":8,"55":8,"56":8,"57":0,"58":0,"59":0,"60":7,"61":7,"62":7,"63":7,"64":24,"65":45,"66":45,"67":4,"68":138,"69":1,"70":5,"71":2,"72":6,"73":6,"74":2,"75":2,"76":2,"77":2,"78":120,"79":91,"80":11,"81":16,"82":1
[...]
,"/root/osmosis/packages/sync/src/server.ts": {"path":"/root/osmosis/packages/sync/src/server.ts","statementMap":{"0":{"start":{"line":14,"column":14},"end":{"line":96,"column":4}},"1":{"start":{"line":15,"column":16},"end":{"line":15,"column":67}},"2":{"start":{"line":16,"column":17},"end":{"line":16,"column":29}},"3":{"start":{"line":17,"column":19},"end":{"line":17,"column":38}},"4":{"start":{"line":19,"column":17},"end":{"line":22,"column":5}},"5":{"start":{"line":20,"column":6},"end":{"line":20,"column":null}},"6":{"start":{"line":21,"column":6},"end":{"line":21,"column":null}},"7":{"start":{"line":24,"column":4},"end":{"line":95,"column":null}},"8":{"start":{"line":25,"column":23},"end":{"line":30,"column":8}},"9":{"start":{"line":25,"column":46},"end":{"line":30,"column":8}},"10":{"start":{"line":26,"column":33},"end":{"line":26,"column":35}},"11":{"start":{"line":27,"column":8},"end":{"line":27,"column":null}},"12":{"start":{"line":27,"column":38},"end":{"line":27,"column":52}},"13":{"start":{"line":28,"column":8},"end":{"line":28,"column":null}},"14":{"start":{"line":28,"column":28},"end":{"line":28,"column":69}},"15":{"start":{"line":29,"column":8},"end":{"line":29,"column":null}},"16":{"start":{"line":33,"column":6},"end":{"line":44,"column":null}},"17":{"start":{"line":34,"column":21},"end":{"line":34,"column":49}},"18":{"start":{"line":36,"column":8},"end":{"line":42,"column":null}},"19":{"start":{"line":37,"column":10},"end":{"line":37,"column":null}},"20":{"start":{"line":38,"column":15},"end":{"line":42,"column":null}},"21":{"start":{"line":39,"column":10},"end":{"line":39,"column":null}},"22":{"start":{"line":41,"column":10},"end":{"line":41,"column":null}},"23":{"start":{"line":43,"column":8},"end":{"line":43,"column":null}},"24":{"start":{"line":47,"column":6},"end":{"line":50,"column":null}},"25":{"start":{"line":48,"column":18},"end":{"line":48,"column":49}},"26":{"start":{"line":49,"column":8},"end":{"line":49,"column":null}},"27":{"start":{"line":53,"column":22},"end":{"line":53,"column":54}},"28":{"start":{"line":54,"column":6},"end":{"line":58,"column":null}},"29":{"start":{"line":55,"column":21},"end":{"line":55,"column":47}},"30":{"start":{"line":56,"column":8},"end":{"line":56,"column":null}},"31":{"start":{"line":56,"column":19},"end":{"line":56,"column":null}},"32":{"start":{"line":57,"column":8},"end":{"line":57,"column":null}},"33":{"start":{"line":61,"column":6},"end":{"line":80,"column":null}},"34":{"start":{"line":62,"column":21},"end":{"line":62,"column":49}},"35":{"start":{"line":63,"column":25},"end":{"line":63,"column":58}},"36":{"start":{"line":64,"column":22},"end":{"line":64,"column":51}},"37":{"start":{"line":67,"column":8},"end":{"line":73,"column":null}},"38":{"start":{"line":68,"column":10},"end":{"line":68,"column":null}},"39":{"start":{"line":69,"column":15},"end":{"line":73,"column":null}},"40":{"start":{"line":70,"column":10},"end":{"line":70,"column":null}},"41":{"start":{"line":72,"column":10},"end":{"line":72,"column":null}},"42":{"start":{"line":75,"column":8},"end":{"line":77,"column":null}},"43":{"start":{"line":76,"column":10},"end":{"line":76,"column":null}},"44":{"start":{"line":76,"column":36},"end":{"line":76,"column":56}},"45":{"start":{"line":79,"column":8},"end":{"line":79,"column":null}},"46":{"start":{"line":83,"column":6},"end":{"line":89,"column":null}},"47":{"start":{"line":84,"column":25},"end":{"line":84,"column":39}},"48":{"start":{"line":85,"column":8},"end":{"line":88,"column":null}},"49":{"start":{"line":91,"column":6},"end":{"line":91,"column":null}},"50":{"start":{"line":93,"column":21},"end":{"line":93,"column":56}},"51":{"start":{"line":94,"column":6},"end":{"line":94,"column":null}},"52":{"start":{"line":98,"column":2},"end":{"line":98,"column":null}},"53":{"start":{"line":99,"column":2},"end":{"line":99,"column":null}},"54":{"start":{"line":14,"column":8},"end":{"line":96,"column":null}},"55":{"start":{"line":15,"column":16},"end":{"line":15,"column":null}},"56":{"start":{"line":16,"column":17},"end":{"line":16,"column":null}},"57":{"start":{"line":17,"column":19},"end":{"line":17,"column":null}},"58":{"start":{"line":19,"column":17},"end":{"line":22,"column":null}},"59":{"start":{"line":25,"column":23},"end":{"line":30,"column":null}},"60":{"start":{"line":25,"column":46},"end":{"line":30,"column":null}},"61":{"start":{"line":26,"column":33},"end":{"line":26,"column":null}},"62":{"start":{"line":34,"column":21},"end":{"line":34,"column":null}},"63":{"start":{"line":38,"column":8},"end":{"line":42,"column":null}},"64":{"start":{"line":48,"column":18},"end":{"line":48,"column":null}},"65":{"start":{"line":53,"column":22},"end":{"line":53,"column":null}},"66":{"start":{"line":55,"column":21},"end":{"line":55,"column":null}},"67":{"start":{"line":62,"column":21},"end":{"line":62,"column":null}},"68":{"start":{"line":63,"column":25},"end":{"line":63,"column":null}},"69":{"start":{"line":64,"column":22},"end":{"line":64,"column":null}},"70":{"start":{"line":69,"column":8},"end":{"line":73,"column":null}},"71":{"start":{"line":84,"column":25},"end":{"line":84,"column":null}},"72":{"start":{"line":93,"column":21},"end":{"line":93,"column":null}}},"fnMap":{"0":{"name":"createSyncServer","decl":{"start":{"line":9,"column":16},"end":{"line":9,"column":32}},"loc":{"start":{"line":12,"column":21},"end":{"line":100,"column":null}},"line":12},"1":{"name":"(anonymous_1)","decl":{"start":{"line":14,"column":34},"end":{"line":14,"column":39}},"loc":{"start":{"line":14,"column":53},"end":{"line":96,"column":3}},"line":14},"2":{"name":"(anonymous_2)","decl":{"start":{"line":19,"column":17},"end":{"line":19,"column":18}},"loc":{"start":{"line":19,"column":51},"end":{"line":22,"column":5}},"line":19},"3":{"name":"(anonymous_3)","decl":{"start":{"line":25,"column":23},"end":{"line":25,"column":43}},"loc":{"start":{"line":25,"column":46},"end":{"line":30,"column":8}},"line":25},"4":{"name":"(anonymous_4)","decl":{"start":{"line":25,"column":58},"end":{"line":25,"column":59}},"loc":{"start":{"line":25,"column":78},"end":{"line":30,"column":7}},"line":25},"5":{"name":"(anonymous_5)","decl":{"start":{"line":27,"column":23},"end":{"line":27,"column":24}},"loc":{"start":{"line":27,"column":38},"end":{"line":27,"column":52}},"line":27},"6":{"name":"(anonymous_6)","decl":{"start":{"line":28,"column":22},"end":{"line":28,"column":25}},"loc":{"start":{"line":28,"column":28},"end":{"line":28,"column":69}},"line":28},"7":{"name":"(anonymous_7)","decl":{"start":{"line":76,"column":31},"end":{"line":76,"column":32}},"loc":{"start":{"line":76,"column":36},"end":{"line":76,"column":56}},"line":76},"8":{"name":"createSyncServer","decl":{"start":{"line":9,"column":16},"end":{"line":9,"column":null}},"loc":{"start":{"line":13,"column":10},"end":{"line":100,"column":null}},"line":13},"9":{"name":"(anonymous_1)","decl":{"start":{"line":14,"column":34},"end":{"line":14,"column":41}},"loc":{"start":{"line":14,"column":54},"end":{"line":96,"column":3}},"line":14},"10":{"name":"(anonymous_2)","decl":{"start":{"line":19,"column":17},"end":{"line":19,"column":18}},"loc":{"start":{"line":19,"column":52},"end":{"line":22,"column":null}},"line":19},"11":{"name":"(anonymous_3)","decl":{"start":{"line":25,"column":23},"end":{"line":25,"column":46}},"loc":{"start":{"line":25,"column":46},"end":{"line":30,"column":null}},"line":25},"12":{"name":"(anonymous_4)","decl":{"start":{"line":25,"column":58},"end":{"line":25,"column":59}},"loc":{"start":{"line":25,"column":79},"end":{"line":30,"column":7}},"line":25}},"branchMap":{"0":{"loc":{"start":{"line":15,"column":24},"end":{"line":15,"column":38}},"type":"binary-expr","locations":[{"start":{"line":15,"column":24},"end":{"line":15,"column":31}},{"start":{"line":15,"column":35},"end":{"line":15,"column":38}}],"line":15},"1":{"loc":{"start":{"line":17,"column":19},"end":{"line":17,"column":38}},"type":"binary-expr","locations":[{"start":{"line":17,"column":19},"end":{"line":17,"column":29}},{"start":{"line":17,"column":33},"end":{"line":17,"column":38}}],"line":17},"2":{"loc":{"start":{"line":33,"column":6},"end":{"line":44,"column":null}},"type":"if","locations":[{"start":{"line":33,"column":6},"end":{"line":44,"column":null}},{"start":{},"end":{}}],"line":33},"3":{"loc":{"start":{"line":33,"column":10},"end":{"line":33,"column":48}},"type":"binary-expr","locations":[{"start":{"line":33,"column":10},"end":{"line":33,"column":27}},{"start":{"line":33,"column":31},"end":{"line":33,"column":48}}],"line":33},"4":{"loc":{"start":{"line":36,"column":8},"end":{"line":42,"column":null}},"type":"if","locations":[{"start":{"line":36,"column":8},"end":{"line":42,"column":null}},{"start":{"line":38,"column":15},"end":{"line":42,"column":null}}],"line":36},"5":{"loc":{"start":{"line":38,"column":15},"end":{"line":42,"column":null}},"type":"if","locations":[{"start":{"line":38,"column":15},"end":{"line":42,"column":null}},{"start":{"line":40,"column":15},"end":{"line":42,"column":null}}],"line":38},"6":{"loc":{"start":{"line":47,"column":6},"end":{"line":50,"column":null}},"type":"if","locations":[{"start":{"line":47,"column":6},"end":{"line":50,"column":null}},{"start":{},"end":{}}],"line":47},"7":{"loc":{"start":{"line":47,"column":10},"end":{"line":47,"column":54}},"type":"binary-expr","locations":[{"start":{"line":47,"column":10},"end":{"line":47,"column":26}},{"start":{"line":47,"column":30},"end":{"line":47,"column":54}}],"line":47},"8":{"loc":{"start":{"line":48,"column":18},"end":{"line":48,"column":49}},"type":"binary-expr","locations":[{"start":{"line":48,"column":18},"end":{"line":48,"column":43}},{"start":{"line":48,"column":47},"end":{"line":48,"column":49}}],"line":48},"9":{"loc":{"start":{"line":54,"column":6},"end":{"line":58,"column":null}},"type":"if","locations":[{"start":{"line":54,"column":6},"end":{"line":58,"column":null}},{"start":{},"end":{}}],"line":54},"10":{"loc":{"start":{"line":54,"column":10},"end":{"line":54,"column":37}},"type":"binary-expr","locations":[{"start":{"line":54,"column":10},"end":{"line":54,"column":26}},{"start":{"line":54,"column":30},"end":{"line":54,"column":37}}],"line":54},"11":{"loc":{"start":{"line":56,"column":8},"end":{"line":56,"column":null}},"type":"if","locations":[{"start":{"line":56,"column":8},"end":{"line":56,"column":null}},{"start":{},"end":{}}],"line":56},"12":{"loc":{"start":{"line":61,"column":6},"end":{"line":80,"column":null}},"type":"if","locations":[{"start":{"line":61,"column":6},"end":{"line":80,"column":null}},{"start":{},"end":{}}],"line":61},"13":{"loc":{"start":{"line":61,"column":10},"end":{"line":61,"column":47}},"type":"binary-expr","locations":[{"start":{"line":61,"column":10},"end":{"line":61,"column":26}},{"start":{"line":61,"column":30},"end":{"line":61,"column":47}}],"line":61},"14":{"loc":{"start":{"line":67,"column":8},"end":{"line":73,"column":null}},"type":"if","locations":[{"start":{"line":67,"column":8},"end":{"line":73,"column":null}},{"start":{"line":69,"column":15},"end":{"line":73,"column":null}}],"line":67},"15":{"loc":{"start":{"line":69,"column":15},"end":{"line":73,"column":null}},"type":"if","locations":[{"start":{"line":69,"column":15},"end":{"line":73,"column":null}},{"start":{"line":71,"column":15},"end":{"line":73,"column":null}}],"line":69},"16":{"loc":{"start":{"line":75,"column":8},"end":{"line":77,"column":null}},"type":"if","locations":[{"start":{"line":75,"column":8},"end":{"line":77,"column":null}},{"start":{},"end":{}}],"line":75},"17":{"loc":{"start":{"line":83,"column":6},"end":{"line":89,"column":null}},"type":"if","locations":[{"start":{"line":83,"column":6},"end":{"line":89,"column":null}},{"start":{},"end":{}}],"line":83},"18":{"loc":{"start":{"line":83,"column":10},"end":{"line":83,"column":53}},"type":"binary-expr","locations":[{"start":{"line":83,"column":10},"end":{"line":83,"column":26}},{"start":{"line":83,"column":30},"end":{"line":83,"column":53}}],"line":83},"19":{"loc":{"start":{"line":93,"column":21},"end":{"line":93,"column":56}},"type":"cond-expr","locations":[{"start":{"line":93,"column":47},"end":{"line":93,"column":50}},{"start":{"line":93,"column":53},"end":{"line":93,"column":56}}],"line":93},"20":{"loc":{"start":{"line":94,"column":28},"end":{"line":94,"column":59}},"type":"binary-expr","locations":[{"start":{"line":94,"column":28},"end":{"line":94,"column":39}},{"start":{"line":94,"column":43},"end":{"line":94,"column":59}}],"line":94},"21":{"loc":{"start":{"line":15,"column":24},"end":{"line":15,"column":40}},"type":"binary-expr","locations":[{"start":{"line":15,"column":24},"end":{"line":15,"column":35}},{"start":{"line":15,"column":35},"end":{"line":15,"column":40}}],"line":15},"22":{"loc":{"start":{"line":17,"column":19},"end":{"line":17,"column":null}},"type":"binary-expr","locations":[{"start":{"line":17,"column":19},"end":{"line":17,"column":33}},{"start":{"line":17,"column":33},"end":{"line":17,"column":null}}],"line":17},"23":{"loc":{"start":{"line":33,"column":10},"end":{"line":33,"column":50}},"type":"binary-expr","locations":[{"start":{"line":33,"column":10},"end":{"line":33,"column":31}},{"start":{"line":33,"column":31},"end":{"line":33,"column":50}}],"line":33},"24":{"loc":{"start":{"line":38,"column":8},"end":{"line":42,"column":null}},"type":"if","locations":[{"start":{"line":38,"column":8},"end":{"line":42,"column":null}},{"start":{"line":40,"column":15},"end":{"line":42,"column":null}}],"line":38},"25":{"loc":{"start":{"line":47,"column":10},"end":{"line":47,"column":56}},"type":"binary-expr","locations":[{"start":{"line":47,"column":10},"end":{"line":47,"column":30}},{"start":{"line":47,"column":30},"end":{"line":47,"column":56}}],"line":47},"26":{"loc":{"start":{"line":48,"column":18},"end":{"line":48,"column":null}},"type":"binary-expr","locations":[{"start":{"line":48,"column":18},"end":{"line":48,"column":47}},{"start":{"line":48,"column":47},"end":{"line":48,"column":null}}],"line":48},"27":{"loc":{"start":{"line":54,"column":10},"end":{"line":54,"column":39}},"type":"binary-expr","locations":[{"start":{"line":54,"column":10},"end":{"line":54,"column":30}},{"start":{"line":54,"column":30},"end":{"line":54,"column":39}}],"line":54},"28":{"loc":{"start":{"line":61,"column":10},"end":{"line":61,"column":49}},"type":"binary-expr","locations":[{"start":{"line":61,"column":10},"end":{"line":61,"column":30}},{"start":{"line":61,"column":30},"end":{"line":61,"column":49}}],"line":61},"29":{"loc":{"start":{"line":69,"column":8},"end":{"line":73,"column":null}},"type":"if","locations":[{"start":{"line":69,"column":8},"end":{"line":73,"column":null}},{"start":{"line":71,"column":15},"end":{"line":73,"column":null}}],"line":69},"30":{"loc":{"start":{"line":83,"column":10},"end":{"line":83,"column":55}},"type":"binary-expr","locations":[{"start":{"line":83,"column":10},"end":{"line":83,"column":30}},{"start":{"line":83,"column":30},"end":{"line":83,"column":55}}],"line":83},"31":{"loc":{"start":{"line":93,"column":21},"end":{"line":93,"column":null}},"type":"cond-expr","locations":[{"start":{"line":93,"column":47},"end":{"line":93,"column":53}},{"start":{"line":93,"column":53},"end":{"line":93,"column":null}}],"line":93},"32":{"loc":{"start":{"line":94,"column":28},"end":{"line":94,"column":60}},"type":"binary-expr","locations":[{"start":{"line":94,"column":28},"end":{"line":94,"column":43}},{"start":{"line":94,"column":43},"end":{"line":94,"column":60}}],"line":94}},"s":{"0":6,"1":2,"2":2,"3":2,"4":2,"5":2,"6":2,"7":2,"8":2,"9":0,"10":0,"11":0,"12":0,"13":0,"14":0,"15":0,"16":2,"17":0,"18":0,"19":0,"20":0,"21":0,"22":0,"23":0,"24":2,"25":0,"26":0,"27":2,"28":2,"29":0,"30":0,"31":0,"32":0,"33":2,"34":1,"35":1,"36":1,"37":1,"38":0,"39":1,"40":0,"41":1,"42":1,"43":1,"44":2,"45":1,"46":1,"47":1,"48":1,"49":0,"50":0,"51":0,"52":6,"53":6,"54":6,"55":2,"56":2,"57":2,"58":2,"59":2,"60":0,"61":0,"62":0,"63":0,"64":0,"65":2,"66":0,"67":1,"68":1,"69":1,"70":1,"71":1,"72":0},"f":{"0":0,"1":6,"2":2,"3":0,"4":0,"5":0,"6":0,"7":2,"8":6,"9":2,"10":2,"11":0,"12":0},"b":{"0":[2,0],"1":[2,0],"2":[0,2],"3":[2,0],"4":[0,0],"5":[0,0],"6":[0,2],"7":[2,2],"8":[0,0],"9":[0,2],"10":[2,2],"11":[0,0],"12":[1,1],"13":[2,2],"14":[0,1],"15":[0,1],"16":[1,0],"17":[1,0],"18":[1,1],"19":[0,0],"20":[0,0],"21":[2,0],"22":[2,0],"23":[2,0],"24":[0,0],"25":[2,2],"26":[0,0],"27":[2,2],"28":[2,2],"29":[0,1],"30":[1,1],"31":[0,0],"32":[0,0]},"meta":{"lastBranch":21,"lastFunction":8,"lastStatement":54,"seen":{"f:9:16:9:32":0,"s:14:14:96:4":0,"f:14:34:14:39":1,"s:15:16:15:67":1,"b:15:24:15:31:15:35:15:38":0,"s:16:17:16:29":2,"s:17:19:17:38":3,"b:17:19:17:29:17:33:17:38":1,"s:19:17:22:5":4,"f:19:17:19:18":2,"s:20:6:20:Infinity":5,"s:21:6:21:Infinity":6,"s:24:4:95:Infinity":7,"s:25:23:30:8":8,"f:25:23:25:43":3,"s:25:46:30:8":9,"f:25:58:25:59":4,"s:26:33:26:35":10,"s:27:8:27:Infinity":11,"f:27:23:27:24":5,"s:27:38:27:52":12,"s:28:8:28:Infinity":13,"f:28:22:28:25":6,"s:28:28:28:69":14,"s:29:8:29:Infinity":15,"b:33:6:44:Infinity:undefined:undefined:undefined:undefined":2,"s:33:6:44:Infinity":16,"b:33:10:33:27:33:31:33:48":3,"s:34:21:34:49":17,"b:36:8:42:Infinity:38:15:42:Infinity":4,"s:36:8:42:Infinity":18,"s:37:10:37:Infinity":19,"b:38:15:42:Infinity:40:15:42:Infinity":5,"s:38:15:42:Infinity":20,"s:39:10:39:Infinity":21,"s:41:10:41:Infinity":22,"s:43:8:43:Infinity":23,"b:47:6:50:Infinity:undefined:undefined:undefined:undefined":6,"s:47:6:50:Infinity":24,"b:47:10:47:26:47:30:47:54":7,"s:48:18:48:49":25,"b:48:18:48:43:48:47:48:49":8,"s:49:8:49:Infinity":26,"s:53:22:53:54":27,"b:54:6:58:Infinity:undefined:undefined:undefined:undefined":9,"s:54:6:58:Infinity":28,"b:54:10:54:26:54:30:54:37":10,"s:55:21:55:47":29,"b:56:8:56:Infinity:undefined:undefined:undefined:undefined":11,"s:56:8:56:Infinity":30,"s:56:19:56:Infinity":31,"s:57:8:57:Infinity":32,"b:61:6:80:Infinity:undefined:undefined:undefined:undefined":12,"s:61:6:80:Infinity":33,"b:61:10:61:26:61:30:61:47":13,"s:62:21:62:49":34,"s:63:25:63:58":35,"s:64:22:64:51":36,"b:67:8:73:Infinity:69:15:73:Infinity":14,"s:67:8:73:Infinity":37,"s:68:10:68:Infinity":38,"b:69:15:73:Infinity:71:15:73:Infinity":15,"s:69:15:73:Infinity":39,"s:70:10:70:Infinity":40,"s:72:10:72:Infinity":41,"b:75:8:77:Infinity:undefined:undefined:undefined:undefined":16,"s:75:8:77:Infinity":42,"s:76:10:76:Infinity":43,"f:76:31:76:32":7,"s:76:36:76:56":44,"s:79:8:79:Infinity":45,"b:83:6:89:Infinity:undefined:undefined:undefined:undefined":17,"s:83:6:89:Infinity":46,"b:83:10:83:26:83:30:83:53":18,"s:84:25:84:39":47,"s:85:8:88:Infinity":48,"s:91:6:91:Infinity":49,"s:93:21:93:56":50,"b:93:47:93:50:93:53:93:56":19,"s:94:6:94:Infinity":51,"b:94:28:94:39:94:43:94:59":20,"s:98:2:98:Infinity":52,"s:99:2:99:Infinity":53}}}
,"/root/osmosis/packages/sync/src/sync.ts": {"path":"/root/osmosis/packages/sync/src/sync.ts","statementMap":{"0":{"start":{"line":10,"column":21},"end":{"line":10,"column":68}},"1":{"start":{"line":11,"column":21},"end":{"line":11,"column":65}},"2":{"start":{"line":13,"column":2},"end":{"line":19,"column":null}},"3":{"start":{"line":23,"column":28},"end":{"line":23,"column":40}},"4":{"start":{"line":10,"column":21},"end":{"line":10,"column":null}},"5":{"start":{"line":11,"column":21},"end":{"line":11,"column":null}},"6":{"start":{"line":23,"column":28},"end":{"line":23,"column":null}}},"fnMap":{"0":{"name":"syncWithMesh","decl":{"start":{"line":9,"column":22},"end":{"line":9,"column":34}},"loc":{"start":{"line":9,"column":90},"end":{"line":20,"column":null}},"line":9},"1":{"name":"syncWithMesh","decl":{"start":{"line":9,"column":22},"end":{"line":9,"column":35}},"loc":{"start":{"line":9,"column":113},"end":{"line":20,"column":null}},"line":9}},"branchMap":{},"s":{"0":9,"1":9,"2":9,"3":3,"4":9,"5":9,"6":2},"f":{"0":0,"1":9},"b":{},"meta":{"lastBranch":0,"lastFunction":1,"lastStatement":4,"seen":{"f:9:22:9:34":0,"s:10:21:10:68":0,"s:11:21:11:65":1,"s:13:2:19:Infinity":2,"s:23:28:23:40":3}}}
}
